Log file open, 12/06/18 07:52:11
LogWindows: Failed to load 'aqProf.dll' (GetLastError=126)
LogWindows: File 'aqProf.dll' does not exist
LogWindows: Failed to load 'VtuneApi.dll' (GetLastError=126)
LogWindows: File 'VtuneApi.dll' does not exist
LogWindows: Failed to load 'VtuneApi32e.dll' (GetLastError=126)
LogWindows: File 'VtuneApi32e.dll' does not exist
LogInit: Display: Running engine for game: Project_PantyPirate
LogPlatformFile: Not using cached read wrapper
LogTaskGraph: Started task graph with 5 named threads and 23 total threads with 3 sets of task threads.
LogStats: Stats thread started at 1.459712
LogD3D11RHI: Loaded GFSDK_Aftermath_Lib.x64.dll
LogICUInternationalization: Display: ICU TimeZone Detection - Raw Offset: -5:00, Platform Override: ''
LogPluginManager: Mounting plugin Paper2D
LogPluginManager: Mounting plugin AISupport
LogPluginManager: Mounting plugin LightPropagationVolume
LogPluginManager: Mounting plugin CLionSourceCodeAccess
LogPluginManager: Mounting plugin CodeLiteSourceCodeAccess
LogPluginManager: Mounting plugin GitSourceControl
LogPluginManager: Mounting plugin KDevelopSourceCodeAccess
LogPluginManager: Mounting plugin NullSourceCodeAccess
LogPluginManager: Mounting plugin PerforceSourceControl
LogPluginManager: Mounting plugin SubversionSourceControl
LogPluginManager: Mounting plugin UObjectPlugin
LogPluginManager: Mounting plugin VisualStudioCodeSourceCodeAccess
LogPluginManager: Mounting plugin VisualStudioSourceCodeAccess
LogPluginManager: Mounting plugin XCodeSourceCodeAccess
LogPluginManager: Mounting plugin AssetManagerEditor
LogPluginManager: Mounting plugin CryptoKeys
LogPluginManager: Mounting plugin DataValidation
LogPluginManager: Mounting plugin FacialAnimation
LogPluginManager: Mounting plugin GameplayTagsEditor
LogPluginManager: Mounting plugin MacGraphicsSwitching
LogPluginManager: Mounting plugin MeshEditor
LogPluginManager: Mounting plugin MobileLauncherProfileWizard
LogPluginManager: Mounting plugin PluginBrowser
LogPluginManager: Mounting plugin SpeedTreeImporter
LogPluginManager: Mounting plugin DatasmithContent
LogPluginManager: Mounting plugin AlembicImporter
LogPluginManager: Mounting plugin AppleImageUtils
LogPluginManager: Mounting plugin AppleVision
LogPluginManager: Mounting plugin BackChannel
LogPluginManager: Mounting plugin CharacterAI
LogPluginManager: Mounting plugin GeometryCache
LogPluginManager: Mounting plugin HTML5Networking
LogPluginManager: Mounting plugin ProxyLODPlugin
LogPluginManager: Mounting plugin MagicLeap
LogPluginManager: Mounting plugin MagicLeapEmulator
LogPluginManager: Mounting plugin MagicLeapMedia
LogPluginManager: Mounting plugin AndroidMedia
LogPluginManager: Mounting plugin AvfMedia
LogPluginManager: Mounting plugin ImgMedia
LogPluginManager: Mounting plugin LinearTimecode
LogPluginManager: Mounting plugin MediaCompositing
LogPluginManager: Mounting plugin MediaPlayerEditor
LogPluginManager: Mounting plugin WmfMedia
LogPluginManager: Mounting plugin TcpMessaging
LogPluginManager: Mounting plugin UdpMessaging
LogPluginManager: Mounting plugin ActorSequence
LogPluginManager: Mounting plugin LevelSequenceEditor
LogPluginManager: Mounting plugin MatineeToLevelSequence
LogPluginManager: Mounting plugin NetcodeUnitTest
LogPluginManager: Mounting plugin NUTUnrealEngine4
LogPluginManager: Mounting plugin OnlineSubsystemGooglePlay
LogPluginManager: Mounting plugin OnlineSubsystemIOS
LogPluginManager: Mounting plugin OnlineSubsystem
LogPluginManager: Mounting plugin OnlineSubsystemNull
LogPluginManager: Mounting plugin OnlineSubsystemUtils
LogPluginManager: Mounting plugin LauncherChunkInstaller
LogPluginManager: Mounting plugin AndroidDeviceProfileSelector
LogPluginManager: Mounting plugin AndroidMoviePlayer
LogPluginManager: Mounting plugin AndroidPermission
LogPluginManager: Mounting plugin AppleMoviePlayer
LogPluginManager: Mounting plugin ArchVisCharacter
LogPluginManager: Mounting plugin AudioCapture
LogPluginManager: Mounting plugin CableComponent
LogPluginManager: Mounting plugin CustomMeshComponent
LogPluginManager: Mounting plugin EditableMesh
LogPluginManager: Mounting plugin ExampleDeviceProfileSelector
LogPluginManager: Mounting plugin GoogleCloudMessaging
LogPluginManager: Mounting plugin ImmediatePhysics
LogPluginManager: Mounting plugin IOSDeviceProfileSelector
LogPluginManager: Mounting plugin LinuxDeviceProfileSelector
LogPluginManager: Mounting plugin LocationServicesBPLibrary
LogPluginManager: Mounting plugin MobilePatchingUtils
LogPluginManager: Mounting plugin OculusVR
LogPluginManager: Plugin shader directory ../../../Engine/Plugins/Runtime/Oculus/OculusVR/Shaders found
LogPluginManager: Mapping shader source directory ../../../Engine/Plugins/Runtime/Oculus/OculusVR/Shaders to virtual directory /Plugin/OculusVR
LogPluginManager: Mounting plugin PhysXVehicles
LogPluginManager: Mounting plugin ProceduralMeshComponent
LogPluginManager: Mounting plugin RuntimePhysXCooking
LogPluginManager: Mounting plugin SteamVR
LogPluginManager: Mounting plugin WindowsMoviePlayer
LogStreaming: Display: Took  0.305s to configure plugins.
LogInit: Using libcurl 7.55.1-DEV
LogInit:  - built for x86_64-pc-win32
LogInit:  - supports SSL with OpenSSL/1.0.2h
LogInit:  - supports HTTP deflate (compression) using libz 1.2.8
LogInit:  - other features:
LogInit:      CURL_VERSION_SSL
LogInit:      CURL_VERSION_LIBZ
LogInit:      CURL_VERSION_IPV6
LogInit:      CURL_VERSION_ASYNCHDNS
LogInit:      CURL_VERSION_LARGEFILE
LogInit:      CURL_VERSION_IDN
LogInit:  CurlRequestOptions (configurable via config and command line):
LogInit:  - bVerifyPeer = false  - Libcurl will NOT verify peer certificate
LogInit:  - bUseHttpProxy = false  - Libcurl will NOT use HTTP proxy
LogInit:  - bDontReuseConnections = false  - Libcurl will reuse connections
LogInit:  - CertBundlePath = nullptr  - Libcurl will use whatever was configured at build time.
LogInit:  - MaxHostConnections = 16  - Libcurl will limit the number of connections to a host
LogInit:  - LocalHostAddr = Default
LogInit:  - BufferSize = 65536
LogInit: WinSock: version 1.1 (2.2), MaxSocks=32767, MaxUdp=65467
LogInit: Build: ++UE4+Release-4.20-CL-4369336
LogInit: Engine Version: 4.20.3-4369336+++UE4+Release-4.20
LogInit: Compatible Engine Version: 4.20.0-4212847+++UE4+Release-4.20
LogInit: Net CL: 4212847
LogInit: OS: Windows 10 (), CPU: Intel(R) Core(TM) i7-4790K CPU @ 4.00GHz, GPU: AMD Radeon R9 200 Series
LogInit: Compiled (64-bit): Sep 17 2018 12:26:19
LogInit: Compiled with Visual C++: 19.13.26129.00
LogInit: Build Configuration: Development
LogInit: Branch Name: ++UE4+Release-4.20
LogInit: Command Line: -EpicPortal  -epicusername="MetricZero" -epicuserid=2f2fc1dde7584ec8a637200dceac4ead -epiclocale=en-US
LogInit: Base Directory: F:/Program Files/Epic Games/UE_4.20/Engine/Binaries/Win64/
LogInit: Installed Engine Build: 1
LogDevObjectVersion: Number of dev versions registered: 20
LogDevObjectVersion:   Dev-Blueprints (B0D832E4-1F89-4F0D-ACCF-7EB736FD4AA2): 10
LogDevObjectVersion:   Dev-Build (E1C64328-A22C-4D53-A36C-8E866417BD8C): 0
LogDevObjectVersion:   Dev-Core (375EC13C-06E4-48FB-B500-84F0262A717E): 2
LogDevObjectVersion:   Dev-Editor (E4B068ED-F494-42E9-A231-DA0B2E46BB41): 24
LogDevObjectVersion:   Dev-Framework (CFFC743F-43B0-4480-9391-14DF171D2073): 34
LogDevObjectVersion:   Dev-Mobile (B02B49B5-BB20-44E9-A304-32B752E40360): 2
LogDevObjectVersion:   Dev-Networking (A4E4105C-59A1-49B5-A7C5-40C4547EDFEE): 0
LogDevObjectVersion:   Dev-Online (39C831C9-5AE6-47DC-9A44-9C173E1C8E7C): 0
LogDevObjectVersion:   Dev-Physics (78F01B33-EBEA-4F98-B9B4-84EACCB95AA2): 0
LogDevObjectVersion:   Dev-Platform (6631380F-2D4D-43E0-8009-CF276956A95A): 0
LogDevObjectVersion:   Dev-Rendering (12F88B9F-8875-4AFC-A67C-D90C383ABD29): 26
LogDevObjectVersion:   Dev-Sequencer (7B5AE74C-D270-4C10-A958-57980B212A5A): 9
LogDevObjectVersion:   Dev-VR (D7296918-1DD6-4BDD-9DE2-64A83CC13884): 2
LogDevObjectVersion:   Dev-LoadTimes (C2A15278-BFE7-4AFE-6C17-90FF531DF755): 1
LogDevObjectVersion:   Private-Geometry (6EACA3D4-40EC-4CC1-B786-8BED09428FC5): 3
LogDevObjectVersion:   Dev-AnimPhys (29E575DD-E0A3-4627-9D10-D276232CDCEA): 17
LogDevObjectVersion:   Dev-ReflectionCapture (6B266CEC-1EC7-4B8F-A30B-E4D90942FC07): 1
LogDevObjectVersion:   Dev-Automation (0DF73D61-A23F-47EA-B727-89E90C41499A): 1
LogDevObjectVersion:   FortniteMain (601D1886-AC64-4F84-AA16-D3DE0DEAC7D6): 12
LogDevObjectVersion:   Dev-Enterprise (9DFFBCD6-494F-0158-E221-12823C92A888): 1
LogStreaming: Display: Took  0.000s to delete old logs.
LogInit: Presizing for max 8388607 objects, including 0 objects not considered by GC, pre-allocating 0 bytes for permanent pool.
LogInit: Object subsystem initialized
[2018.12.06-12.52.12:569][  0]LogInit: Selected Device Profile: [Windows]
[2018.12.06-12.52.12:569][  0]LogInit: Applying CVar settings loaded from the selected device profile: [Windows]
[2018.12.06-12.52.12:611][  0]LogHAL: Display: Platform has ~ 8 GB [8536420352 / 8589934592 / 8], which maps to Default [LargestMinGB=32, LargerMinGB=12, DefaultMinGB=8, SmallerMinGB=6, SmallestMinGB=0)
[2018.12.06-12.52.12:611][  0]LogInit: Setting Device Profile CVar: [[r.Vulkan.UseRealUBs:1]]
[2018.12.06-12.52.12:611][  0]LogInit: Going up to parent DeviceProfile []
[2018.12.06-12.52.12:626][  0]LogInit: Computer: XINC
[2018.12.06-12.52.12:626][  0]LogInit: User: James
[2018.12.06-12.52.12:626][  0]LogInit: CPU Page size=4096, Cores=4
[2018.12.06-12.52.12:626][  0]LogInit: High frequency timer resolution =3.906249 MHz
[2018.12.06-12.52.12:626][  0]LogMemory: Memory total: Physical=8.0GB (8GB approx)
[2018.12.06-12.52.12:626][  0]LogMemory: Platform Memory Stats for Windows
[2018.12.06-12.52.12:626][  0]LogMemory: Process Physical Memory: 101.86 MB used, 101.86 MB peak
[2018.12.06-12.52.12:626][  0]LogMemory: Process Virtual Memory: 89.37 MB used, 89.37 MB peak
[2018.12.06-12.52.12:626][  0]LogMemory: Physical Memory: 6469.82 MB used,  1671.14 MB free, 8140.96 MB total
[2018.12.06-12.52.12:626][  0]LogMemory: Virtual Memory: 531.76 MB used,  1671.14 MB free, 134217728.00 MB total
[2018.12.06-12.52.12:831][  0]LogInit: Using OS detected language (en-US).
[2018.12.06-12.52.12:831][  0]LogInit: Using OS detected locale (en-US).
[2018.12.06-12.52.12:832][  0]LogTextLocalizationManager: No specific localization for 'en-US' exists, so the 'en' localization will be used.
[2018.12.06-12.52.13:434][  0]LogStreaming: Display: Took  0.603s to InitEngineTextLocalization.
[2018.12.06-12.52.13:434][  0]LogInit: Setting process to per monitor DPI aware
[2018.12.06-12.52.13:655][  0]LogSlate: New Slate User Created.  User Index 0, Is Virtual User: 0
[2018.12.06-12.52.13:655][  0]LogSlate: Slate User Registered.  User Index 0, Is Virtual User: 0
[2018.12.06-12.52.14:244][  0]LogHMD: Failed to initialize OpenVR with code 110
[2018.12.06-12.52.14:245][  0]LogD3D11RHI: D3D11 adapters:
[2018.12.06-12.52.14:262][  0]LogD3D11RHI:    0. 'AMD Radeon R9 200 Series' (Feature Level 11_0)
[2018.12.06-12.52.14:262][  0]LogD3D11RHI:       3052/0/4070 MB DedicatedVideo/DedicatedSystem/SharedSystem, Outputs:3, VendorId:0x1002
[2018.12.06-12.52.14:269][  0]LogD3D11RHI:    1. 'Microsoft Basic Render Driver' (Feature Level 11_0)
[2018.12.06-12.52.14:269][  0]LogD3D11RHI:       0/0/4070 MB DedicatedVideo/DedicatedSystem/SharedSystem, Outputs:0, VendorId:0x1414
[2018.12.06-12.52.14:269][  0]LogD3D11RHI: Chosen D3D11 Adapter: 0
[2018.12.06-12.52.14:276][  0]LogD3D11RHI: Creating new Direct3DDevice
[2018.12.06-12.52.14:276][  0]LogD3D11RHI:     GPU DeviceId: 0x6798 (for the marketing name, search the web for "GPU Device Id")
[2018.12.06-12.52.14:276][  0]LogWindows: EnumDisplayDevices:
[2018.12.06-12.52.14:276][  0]LogWindows:    0. 'AMD Radeon R9 200 Series' (P:0 D:1)
[2018.12.06-12.52.14:276][  0]LogWindows:    1. 'AMD Radeon R9 200 Series' (P:0 D:1)
[2018.12.06-12.52.14:276][  0]LogWindows:    2. 'AMD Radeon R9 200 Series' (P:1 D:1)
[2018.12.06-12.52.14:277][  0]LogWindows:    3. 'AMD Radeon R9 200 Series' (P:0 D:0)
[2018.12.06-12.52.14:277][  0]LogWindows:    4. 'AMD Radeon R9 200 Series' (P:0 D:0)
[2018.12.06-12.52.14:277][  0]LogWindows:    5. 'AMD Radeon R9 200 Series' (P:0 D:0)
[2018.12.06-12.52.14:277][  0]LogWindows:    6. 'AMD Radeon R9 200 Series' (P:0 D:0)
[2018.12.06-12.52.14:278][  0]LogWindows:    7. 'AMD Radeon R9 200 Series' (P:0 D:0)
[2018.12.06-12.52.14:278][  0]LogWindows:    8. 'AMD Radeon R9 200 Series' (P:0 D:0)
[2018.12.06-12.52.14:278][  0]LogWindows:    9. 'AMD Radeon R9 200 Series' (P:0 D:0)
[2018.12.06-12.52.14:278][  0]LogWindows:    10. 'AMD Radeon R9 200 Series' (P:0 D:0)
[2018.12.06-12.52.14:278][  0]LogWindows:    11. 'AMD Radeon R9 200 Series' (P:0 D:0)
[2018.12.06-12.52.14:279][  0]LogWindows:    12. 'AMD Radeon R9 200 Series' (P:0 D:0)
[2018.12.06-12.52.14:279][  0]LogWindows:    13. 'AMD Radeon R9 200 Series' (P:0 D:0)
[2018.12.06-12.52.14:279][  0]LogWindows:    14. 'AMD Radeon R9 200 Series' (P:0 D:0)
[2018.12.06-12.52.14:279][  0]LogWindows:    15. 'AMD Radeon R9 200 Series' (P:0 D:0)
[2018.12.06-12.52.14:280][  0]LogWindows: DebugString: FoundDriverCount:16 
[2018.12.06-12.52.14:280][  0]LogD3D11RHI:     Adapter Name: AMD Radeon R9 200 Series
[2018.12.06-12.52.14:280][  0]LogD3D11RHI:   Driver Version: Adrenalin 18.5.1 (internal:24.20.11016.4, unified:24.20.11016.4)
[2018.12.06-12.52.14:280][  0]LogD3D11RHI:      Driver Date: 5-16-2018
[2018.12.06-12.52.14:280][  0]LogRHI: Texture pool is 2136 MB (70% of 3052 MB)
[2018.12.06-12.52.14:427][  0]LogD3D11RHI: Async texture creation enabled
[2018.12.06-12.52.14:440][  0]LogD3D11RHI: GPU Timing Frequency: 27.000000 (Debug: 2 1)
[2018.12.06-12.52.14:442][  0]LogShaderCompilers: Guid format shader working directory is -29 characters bigger than the processId version (../../../../../../Temp2/Temp/Projects/UnrealEngine Projects/Project_PantyPirate/Intermediate/Shaders/WorkingDirectory/12852/).
[2018.12.06-12.52.14:442][  0]LogShaderCompilers: Cleaned the shader compiler working directory 'C:/Users/James.XINC/AppData/Local/Temp/UnrealShaderWorkingDir/B719C6844AC9516C7F9326A70E7ECF44/'.
[2018.12.06-12.52.15:251][  0]LogTemp: Display: Loaded TP AllDesktopTargetPlatform
[2018.12.06-12.52.15:271][  0]LogTemp: Display: Loaded TP MacClientTargetPlatform
[2018.12.06-12.52.15:283][  0]LogTemp: Display: Loaded TP MacNoEditorTargetPlatform
[2018.12.06-12.52.15:316][  0]LogTemp: Display: Loaded TP MacServerTargetPlatform
[2018.12.06-12.52.15:344][  0]LogTemp: Display: Loaded TP MacTargetPlatform
[2018.12.06-12.52.15:356][  0]LogTemp: Display: Loaded TP WindowsClientTargetPlatform
[2018.12.06-12.52.15:410][  0]LogTemp: Display: Loaded TP WindowsNoEditorTargetPlatform
[2018.12.06-12.52.15:422][  0]LogTemp: Display: Loaded TP WindowsServerTargetPlatform
[2018.12.06-12.52.15:435][  0]LogTemp: Display: Loaded TP WindowsTargetPlatform
[2018.12.06-12.52.15:517][  0]LogTemp: Display: Loaded TP AndroidTargetPlatform
[2018.12.06-12.52.15:517][  0]LogTemp: Display: Loaded TP AndroidTargetPlatform
[2018.12.06-12.52.15:517][  0]LogTemp: Display: Loaded TP AndroidTargetPlatform
[2018.12.06-12.52.15:517][  0]LogTemp: Display: Loaded TP AndroidTargetPlatform
[2018.12.06-12.52.15:517][  0]LogTemp: Display: Loaded TP AndroidTargetPlatform
[2018.12.06-12.52.15:517][  0]LogTemp: Display: Loaded TP AndroidTargetPlatform
[2018.12.06-12.52.15:517][  0]LogTemp: Display: Loaded TP AndroidTargetPlatform
[2018.12.06-12.52.15:517][  0]LogTemp: Display: Loaded TP AndroidTargetPlatform
[2018.12.06-12.52.15:517][  0]LogTemp: Display: Loaded TP AndroidTargetPlatform
[2018.12.06-12.52.15:517][  0]LogTemp: Display: Loaded TP AndroidTargetPlatform
[2018.12.06-12.52.15:517][  0]LogTemp: Display: Loaded TP AndroidTargetPlatform
[2018.12.06-12.52.15:517][  0]LogTemp: Display: Loaded TP AndroidTargetPlatform
[2018.12.06-12.52.15:517][  0]LogTemp: Display: Loaded TP AndroidTargetPlatform
[2018.12.06-12.52.15:517][  0]LogTemp: Display: Loaded TP AndroidTargetPlatform
[2018.12.06-12.52.15:517][  0]LogTemp: Display: Loaded TP AndroidTargetPlatform
[2018.12.06-12.52.15:517][  0]LogTemp: Display: Loaded TP AndroidTargetPlatform
[2018.12.06-12.52.15:517][  0]LogTemp: Display: Loaded TP AndroidTargetPlatform
[2018.12.06-12.52.15:517][  0]LogTemp: Display: Loaded TP AndroidTargetPlatform
[2018.12.06-12.52.15:537][  0]LogTemp: Display: Loaded TP HTML5TargetPlatform
[2018.12.06-12.52.15:623][  0]LogTemp: Display: Loaded TP IOSTargetPlatform
[2018.12.06-12.52.15:623][  0]LogTemp: Display: Loaded TP IOSTargetPlatform
[2018.12.06-12.52.15:653][  0]LogTemp: Display: Loaded TP TVOSTargetPlatform
[2018.12.06-12.52.15:653][  0]LogTemp: Display: Loaded TP TVOSTargetPlatform
[2018.12.06-12.52.15:675][  0]LogTemp: Display: Loaded TP LinuxClientTargetPlatform
[2018.12.06-12.52.15:691][  0]LogTemp: Display: Loaded TP LinuxNoEditorTargetPlatform
[2018.12.06-12.52.15:717][  0]LogTemp: Display: Loaded TP LinuxServerTargetPlatform
[2018.12.06-12.52.15:745][  0]LogTemp: Display: Loaded TP LinuxTargetPlatform
[2018.12.06-12.52.15:760][  0]LogTemp: Display: Loaded TP LuminTargetPlatform
[2018.12.06-12.52.15:760][  0]LogTargetPlatformManager: Display: Building Assets For Windows
[2018.12.06-12.52.16:109][  0]LogXGEController: Cannot use XGE Controller as Incredibuild is not installed on this machine.
[2018.12.06-12.52.16:109][  0]LogShaderCompilers: Cannot use XGE Shader Compiler as Incredibuild is not installed on this machine.
[2018.12.06-12.52.16:109][  0]LogShaderCompilers: Display: Using Local Shader Compiler.
[2018.12.06-12.52.17:116][  0]LogDerivedDataCache: Display: Max Cache Size: 512 MB
[2018.12.06-12.52.17:171][  0]LogDerivedDataCache: Loaded boot cache 0.05s 71MB C:/Users/James.XINC/AppData/Local/UnrealEngine/4.20/DerivedDataCache/Boot.ddc.
[2018.12.06-12.52.17:171][  0]LogDerivedDataCache: Display: Loaded Boot cache: C:/Users/James.XINC/AppData/Local/UnrealEngine/4.20/DerivedDataCache/Boot.ddc
[2018.12.06-12.52.17:171][  0]LogDerivedDataCache: FDerivedDataBackendGraph:  Pak pak cache file ../../../../../../Temp2/Temp/Projects/UnrealEngine Projects/Project_PantyPirate/DerivedDataCache/DDC.ddp not found, will not use a pak cache.
[2018.12.06-12.52.17:171][  0]LogDerivedDataCache: Unable to find inner node Pak for hierarchical cache Hierarchy.
[2018.12.06-12.52.17:171][  0]LogDerivedDataCache: FDerivedDataBackendGraph:  CompressedPak pak cache file ../../../../../../Temp2/Temp/Projects/UnrealEngine Projects/Project_PantyPirate/DerivedDataCache/Compressed.ddp not found, will not use a pak cache.
[2018.12.06-12.52.17:171][  0]LogDerivedDataCache: Unable to find inner node CompressedPak for hierarchical cache Hierarchy.
[2018.12.06-12.52.17:203][  0]LogDerivedDataCache: Display: Pak cache opened for reading ../../../Engine/DerivedDataCache/Compressed.ddp.
[2018.12.06-12.52.17:216][  0]LogDerivedDataCache: Using Local data cache path C:/Users/James.XINC/AppData/Local/UnrealEngine/Common/DerivedDataCache: Writable
[2018.12.06-12.52.17:216][  0]LogDerivedDataCache: Shared data cache path not found in *engine.ini, will not use an Shared cache.
[2018.12.06-12.52.17:216][  0]LogDerivedDataCache: Unable to find inner node Shared for hierarchical cache Hierarchy.
[2018.12.06-12.52.17:232][  0]LogMaterial: Verifying Global Shaders for PCD3D_SM5
[2018.12.06-12.52.17:233][  0]LogSlate: Using FreeType 2.6.0
[2018.12.06-12.52.17:263][  0]LogSlate: SlateFontServices - WITH_FREETYPE: 1, WITH_HARFBUZZ: 1
[2018.12.06-12.52.17:508][  0]LogAssetRegistry: FAssetRegistry took 0.0256 seconds to start up
[2018.12.06-12.52.17:862][  0]LogInit: Selected Device Profile: [Windows]
[2018.12.06-12.52.18:217][  0]LogSimplygon: Simplygon DLL not present - disabling.
[2018.12.06-12.52.18:323][  0]LogMeshReduction: Using SimplygonSwarm for distributed automatic mesh merging
[2018.12.06-12.52.18:323][  0]LogMeshReduction: Using ProxyLODMeshReduction for automatic mesh merging
[2018.12.06-12.52.18:323][  0]LogMeshReduction: Using QuadricMeshReduction for automatic static mesh reduction
[2018.12.06-12.52.18:323][  0]LogMeshReduction: No automatic skeletal mesh reduction module available
[2018.12.06-12.52.18:372][  0]LogNetVersion: Project_PantyPirate 1.0.0, NetCL: 4212847, EngineNetVer: 5, GameNetVer: 0 (Checksum: 3088745286)
[2018.12.06-12.52.19:294][  0]LogPackageLocalizationCache: Processed 11 localized package path(s) for 2 prioritized culture(s) in 0.491950 seconds
[2018.12.06-12.52.19:301][  0]LogUObjectArray: 38425 objects as part of root set at end of initial load.
[2018.12.06-12.52.19:301][  0]LogUObjectAllocator: 6690864 out of 0 bytes used by permanent object pool.
[2018.12.06-12.52.19:301][  0]LogUObjectArray: CloseDisregardForGC: 0/0 objects in disregard for GC pool
[2018.12.06-12.52.32:013][  0]LogTcpMessaging: Initializing TcpMessaging bridge
[2018.12.06-12.52.32:059][  0]LogUdpMessaging: Initializing bridge on interface 0.0.0.0:0 to multicast group 230.0.0.1:6666.
[2018.12.06-12.52.32:193][  0]SourceControl: Source control is disabled
[2018.12.06-12.52.32:193][  0]SourceControl: Source control is disabled
[2018.12.06-12.52.32:195][  0]SourceControl: Source control is disabled
[2018.12.06-12.52.32:195][  0]SourceControl: Source control is disabled
[2018.12.06-12.52.32:385][  0]LogAndroidPermission: UAndroidPermissionCallbackProxy::GetInstance
[2018.12.06-12.52.32:496][  0]LogOcInput: OculusInput pre-init called
[2018.12.06-12.52.32:550][  0]LogEngine: Initializing Engine...
[2018.12.06-12.52.32:551][  0]LogHMD: Failed to initialize OpenVR with code 110
[2018.12.06-12.52.32:552][  0]LogStats: UGameplayTagsManager::ConstructGameplayTagTree: ImportINI prefixes -  0.000 s
[2018.12.06-12.52.32:552][  0]LogStats: UGameplayTagsManager::ConstructGameplayTagTree: Construct from data asset -  0.000 s
[2018.12.06-12.52.32:552][  0]LogStats: UGameplayTagsManager::ConstructGameplayTagTree: ImportINI -  0.000 s
[2018.12.06-12.52.32:552][  0]LogStats: UGameplayTagsManager::ConstructGameplayTagTree: GameplayTagTreeChangedEvent.Broadcast -  0.000 s
[2018.12.06-12.52.32:730][  0]LogInit: Initializing FReadOnlyCVARCache
[2018.12.06-12.52.32:742][  0]LogAIModule: Creating AISystem for world Untitled
[2018.12.06-12.52.32:775][  0]LogInit: XAudio2 using 'Speakers (Realtek High Definition Audio)' : 6 channels at 48 kHz using 32 bits per sample (channel mask 0x3f)
[2018.12.06-12.52.32:791][  0]LogInit: FAudioDevice initialized.
[2018.12.06-12.52.32:792][  0]LogNetVersion: Set ProjectVersion to 1.0.0.0. Version Checksum will be recalculated on next use.
[2018.12.06-12.52.33:059][  0]LogDerivedDataCache: Saved boot cache 0.27s 71MB C:/Users/James.XINC/AppData/Local/UnrealEngine/4.20/DerivedDataCache/Boot.ddc.
[2018.12.06-12.52.33:060][  0]LogInit: Texture streaming: Enabled
[2018.12.06-12.52.33:073][  0]LogEngineSessionManager: EngineSessionManager initialized
[2018.12.06-12.52.33:110][  0]LogInit: Transaction tracking system initialized
[2018.12.06-12.52.33:128][  0]BlueprintLog: New page: Editor Load
[2018.12.06-12.52.33:498][  0]LocalizationService: Localization service is disabled
[2018.12.06-12.52.33:805][  0]LogCook: Display: Max memory allowance for cook 16384mb min free memory 0mb
[2018.12.06-12.52.33:805][  0]LogCook: Display: Mobile HDR setting 1
[2018.12.06-12.52.33:810][  0]LogFileCache: Scanning file cache for directory 'F:/Temp2/Temp/Projects/UnrealEngine Projects/Project_PantyPirate/Content/' took 0.01s
[2018.12.06-12.52.33:810][  0]LogGameplayTags: Display: UGameplayTagsManager::DoneAddingNativeTags. DelegateIsBound: 0
[2018.12.06-12.52.33:810][  0]LogStats: UGameplayTagsManager::ConstructGameplayTagTree: ImportINI prefixes -  0.000 s
[2018.12.06-12.52.33:810][  0]LogStats: UGameplayTagsManager::ConstructGameplayTagTree: Construct from data asset -  0.000 s
[2018.12.06-12.52.33:810][  0]LogStats: UGameplayTagsManager::ConstructGameplayTagTree: ImportINI -  0.000 s
[2018.12.06-12.52.33:811][  0]LogStats: UGameplayTagsManager::ConstructGameplayTagTree: GameplayTagTreeChangedEvent.Broadcast -  0.000 s
[2018.12.06-12.52.33:946][  0]SourceControl: Source control is disabled
[2018.12.06-12.52.33:946][  0]Cmd: MAP LOAD FILE="../../../../../../Temp2/Temp/Projects/UnrealEngine Projects/Project_PantyPirate/Content/ThirdPersonBP/Maps/ThirdPersonExampleMap.umap" TEMPLATE=0 SHOWPROGRESS=1 FEATURELEVEL=3
[2018.12.06-12.52.33:946][  0]LightingResults: New page: Lighting Build
[2018.12.06-12.52.33:948][  0]MapCheck: New page: Map Check
[2018.12.06-12.52.33:948][  0]LightingResults: New page: Lighting Build
[2018.12.06-12.52.35:655][  0]LogAIModule: Creating AISystem for world ThirdPersonExampleMap
[2018.12.06-12.52.35:903][  0]LogEditorServer: Finished looking for orphan Actors (0.000 secs)
[2018.12.06-12.52.35:959][  0]Cmd: MAP CHECKDEP NOCLEARLOG
[2018.12.06-12.52.36:015][  0]MapCheck: Map check complete: 0 Error(s), 0 Warning(s), took 55.335ms to complete.
[2018.12.06-12.52.36:015][  0]LogFileHelpers: Loading map 'ThirdPersonExampleMap' took 2.069
[2018.12.06-12.52.36:155][  0]LogWindowsTextInputMethodSystem: Display: IME system now deactivated.
[2018.12.06-12.52.36:155][  0]LogWindowsTextInputMethodSystem: Display: IME system now deactivated.
[2018.12.06-12.52.36:678][  0]LogSlate: Updating window title bar state: overlay mode, drag disabled, window buttons hidden, title bar hidden
[2018.12.06-12.52.36:690][  0]LogSlate: Updating window title bar state: overlay mode, drag disabled, window buttons hidden, title bar hidden
[2018.12.06-12.52.36:695][  0]LogSlate: Updating window title bar state: overlay mode, drag disabled, window buttons hidden, title bar hidden
[2018.12.06-12.52.36:701][  0]LogSlate: Updating window title bar state: overlay mode, drag disabled, window buttons hidden, title bar hidden
[2018.12.06-12.52.36:744][  0]LogCollectionManager: Loaded 0 collections in 0.000833 seconds
[2018.12.06-12.52.36:950][  0]LogFileCache: Scanning file cache for directory 'F:/Temp2/Temp/Projects/UnrealEngine Projects/Project_PantyPirate/Saved/Collections/' took 0.01s
[2018.12.06-12.52.36:950][  0]LogFileCache: Scanning file cache for directory 'F:/Temp2/Temp/Projects/UnrealEngine Projects/Project_PantyPirate/Content/Developers/James/Collections/' took 0.01s
[2018.12.06-12.52.36:950][  0]LogFileCache: Scanning file cache for directory 'F:/Temp2/Temp/Projects/UnrealEngine Projects/Project_PantyPirate/Content/Collections/' took 0.01s
[2018.12.06-12.52.36:950][  0]LogCollectionManager: Rebuilt the GUID cache for 0 collections in 0.000010 seconds
[2018.12.06-12.52.36:960][  0]LogContentBrowser: Native class hierarchy populated in 0.0090 seconds. Added 2572 classes and 603 folders.
[2018.12.06-12.52.37:046][  0]LogContentBrowser: Native class hierarchy updated for 'WidgetCarousel' in 0.0002 seconds. Added 0 classes and 0 folders.
[2018.12.06-12.52.37:087][  0]LogContentBrowser: Native class hierarchy updated for 'AddContentDialog' in 0.0002 seconds. Added 0 classes and 0 folders.
[2018.12.06-12.52.37:208][  0]LogContentBrowser: Native class hierarchy updated for 'SceneOutliner' in 0.0003 seconds. Added 1 classes and 2 folders.
[2018.12.06-12.52.37:893][  0]LogSlate: Took 0.000271 seconds to synchronously load lazily loaded font '../../../Engine/Content/Slate/Fonts/Roboto-Regular.ttf' (155K)
[2018.12.06-12.52.37:895][  0]LogSlate: Took 0.000150 seconds to synchronously load lazily loaded font '../../../Engine/Content/Slate/Fonts/Roboto-Bold.ttf' (160K)
[2018.12.06-12.52.37:937][  0]LogSlate: Took 0.010048 seconds to synchronously load lazily loaded font '../../../Engine/Content/Editor/Slate/Fonts/FontAwesome.ttf' (139K)
[2018.12.06-12.52.38:255][  0]LogRenderer: Reallocating scene render targets to support 1164x640 Format 10 NumSamples 1 (Frame:1).
[2018.12.06-12.52.38:873][  0]LogContentBrowser: Native class hierarchy updated for 'HierarchicalLODOutliner' in 0.0002 seconds. Added 0 classes and 0 folders.
[2018.12.06-12.52.38:873][  0]LogLoad: (Engine Initialization) Total time: 41.23 seconds
[2018.12.06-12.52.38:873][  0]LogLoad: (Engine Initialization) Total Blueprint compile time: 0.00 seconds
[2018.12.06-12.52.38:982][  0]LogAssetRegistry: Asset discovery search completed in 21.4968 seconds
[2018.12.06-12.52.38:984][  0]LogCollectionManager: Rebuilt the object cache for 0 collections in 0.000001 seconds (found 0 objects)
[2018.12.06-12.52.38:984][  0]LogCollectionManager: Fixed up redirectors for 0 collections in 0.000045 seconds (updated 0 objects)
[2018.12.06-12.52.38:998][  0]LogContentStreaming: Texture pool size now 3000 MB
[2018.12.06-12.52.39:164][  0]LogSlate: Took 0.000232 seconds to synchronously load lazily loaded font '../../../Engine/Content/Slate/Fonts/Roboto-Light.ttf' (167K)
[2018.12.06-12.54.07:832][595]LogSlate: FSceneViewport::OnFocusLost() reason 2
[2018.12.06-12.54.08:357][646]LogSlate: Took 0.000200 seconds to synchronously load lazily loaded font '../../../Engine/Content/Slate/Fonts/Roboto-Light.ttf' (167K)
[2018.12.06-12.54.38:668][153]LogAnimationCompression: Building Anim DDC data for AnimSequence /Game/Mannequin/Animations/ThirdPersonJump_End.ThirdPersonJump_End
[2018.12.06-12.54.38:678][153]LogAnimationCompression: Recompressing (AnimSequence /Game/Mannequin/Animations/ThirdPersonJump_End.ThirdPersonJump_End) using current/default (AnimCompress_BitwiseCompressOnly_2) bFirstRecompressUsingCurrentOrDefault(1) bTryAlternateCompressor(0) IsCompressedDataValid(0)
[2018.12.06-12.54.38:965][153]LogMetaData: Removing '/Game/ThirdPersonTemplate/ThirdPersonBP/Blueprints/ThirdPersonCharacter.ThirdPersonCharacter_C' ref from Metadata '/Game/ThirdPersonBP/Blueprints/ThirdPersonCharacter.PackageMetaData'
[2018.12.06-12.54.38:965][153]LogMetaData: Removing '/Game/ThirdPersonTemplate/ThirdPersonBP/Blueprints/ThirdPersonCharacter.SKEL_ThirdPersonCharacter_C:InpAxisEvt_LookUp_K2Node_InputAxisEvent_40' ref from Metadata '/Game/ThirdPersonBP/Blueprints/ThirdPersonCharacter.PackageMetaData'
[2018.12.06-12.54.38:965][153]LogMetaData: Removing '/Game/ThirdPersonTemplate/ThirdPersonBP/Blueprints/ThirdPersonCharacter.SKEL_ThirdPersonCharacter_C:InpAxisEvt_Turn_K2Node_InputAxisEvent_47' ref from Metadata '/Game/ThirdPersonBP/Blueprints/ThirdPersonCharacter.PackageMetaData'
[2018.12.06-12.54.38:965][153]LogMetaData: Removing '/Game/ThirdPersonTemplate/ThirdPersonBP/Blueprints/ThirdPersonCharacter.SKEL_ThirdPersonCharacter_C:InpAxisEvt_MoveForward_K2Node_InputAxisEvent_79' ref from Metadata '/Game/ThirdPersonBP/Blueprints/ThirdPersonCharacter.PackageMetaData'
[2018.12.06-12.54.38:965][153]LogMetaData: Removing '/Game/ThirdPersonTemplate/ThirdPersonBP/Blueprints/ThirdPersonCharacter.SKEL_ThirdPersonCharacter_C:InpAxisEvt_MoveRight_K2Node_InputAxisEvent_90' ref from Metadata '/Game/ThirdPersonBP/Blueprints/ThirdPersonCharacter.PackageMetaData'
[2018.12.06-12.54.38:965][153]LogMetaData: Removing '/Game/ThirdPersonTemplate/ThirdPersonBP/Blueprints/ThirdPersonCharacter.SKEL_ThirdPersonCharacter_C:InpAxisEvt_TurnRate_K2Node_InputAxisEvent_38' ref from Metadata '/Game/ThirdPersonBP/Blueprints/ThirdPersonCharacter.PackageMetaData'
[2018.12.06-12.54.38:965][153]LogMetaData: Removing '/Game/ThirdPersonTemplate/ThirdPersonBP/Blueprints/ThirdPersonCharacter.SKEL_ThirdPersonCharacter_C:InpAxisEvt_LookUpRate_K2Node_InputAxisEvent_53' ref from Metadata '/Game/ThirdPersonBP/Blueprints/ThirdPersonCharacter.PackageMetaData'
[2018.12.06-12.54.38:965][153]LogMetaData: Removing '/Game/ThirdPersonTemplate/ThirdPersonBP/Blueprints/ThirdPersonCharacter.SKEL_ThirdPersonCharacter_C:BaseLookUpRate' ref from Metadata '/Game/ThirdPersonBP/Blueprints/ThirdPersonCharacter.PackageMetaData'
[2018.12.06-12.54.38:965][153]LogMetaData: Removing '/Game/ThirdPersonTemplate/ThirdPersonBP/Blueprints/ThirdPersonCharacter.SKEL_ThirdPersonCharacter_C:BaseTurnRate' ref from Metadata '/Game/ThirdPersonBP/Blueprints/ThirdPersonCharacter.PackageMetaData'
[2018.12.06-12.54.38:965][153]LogMetaData: Removing '/Game/ThirdPersonTemplate/ThirdPersonBP/Blueprints/ThirdPersonCharacter.SKEL_ThirdPersonCharacter_C:CameraBoom' ref from Metadata '/Game/ThirdPersonBP/Blueprints/ThirdPersonCharacter.PackageMetaData'
[2018.12.06-12.54.38:965][153]LogMetaData: Removing '/Game/ThirdPersonTemplate/ThirdPersonBP/Blueprints/ThirdPersonCharacter.SKEL_ThirdPersonCharacter_C:FollowCamera' ref from Metadata '/Game/ThirdPersonBP/Blueprints/ThirdPersonCharacter.PackageMetaData'
[2018.12.06-12.54.38:965][153]LogMetaData: Removing '/Game/ThirdPersonTemplate/ThirdPersonBP/Blueprints/ThirdPersonCharacter.SKEL_ThirdPersonCharacter_C:UserConstructionScript' ref from Metadata '/Game/ThirdPersonBP/Blueprints/ThirdPersonCharacter.PackageMetaData'
[2018.12.06-12.54.38:965][153]LogMetaData: Removing '/Game/ThirdPersonTemplate/ThirdPersonBP/Blueprints/ThirdPersonCharacter.SKEL_ThirdPersonCharacter_C' ref from Metadata '/Game/ThirdPersonBP/Blueprints/ThirdPersonCharacter.PackageMetaData'
[2018.12.06-12.54.38:965][153]LogMetaData: Removing '/Game/ThirdPersonTemplate/ThirdPersonBP/Blueprints/ThirdPersonCharacter.ThirdPersonCharacter_C:BaseLookUpRate' ref from Metadata '/Game/ThirdPersonBP/Blueprints/ThirdPersonCharacter.PackageMetaData'
[2018.12.06-12.54.38:965][153]LogMetaData: Removing '/Game/ThirdPersonTemplate/ThirdPersonBP/Blueprints/ThirdPersonCharacter.ThirdPersonCharacter_C:BaseTurnRate' ref from Metadata '/Game/ThirdPersonBP/Blueprints/ThirdPersonCharacter.PackageMetaData'
[2018.12.06-12.54.38:965][153]LogMetaData: Removing '/Game/ThirdPersonTemplate/ThirdPersonBP/Blueprints/ThirdPersonCharacter.ThirdPersonCharacter_C:CameraBoom' ref from Metadata '/Game/ThirdPersonBP/Blueprints/ThirdPersonCharacter.PackageMetaData'
[2018.12.06-12.54.38:965][153]LogMetaData: Removing '/Game/ThirdPersonTemplate/ThirdPersonBP/Blueprints/ThirdPersonCharacter.ThirdPersonCharacter_C:FollowCamera' ref from Metadata '/Game/ThirdPersonBP/Blueprints/ThirdPersonCharacter.PackageMetaData'
[2018.12.06-12.54.38:965][153]LogMetaData: Removing '/Game/ThirdPersonTemplate/ThirdPersonBP/Blueprints/ThirdPersonCharacter.ThirdPersonCharacter_C:UserConstructionScript' ref from Metadata '/Game/ThirdPersonBP/Blueprints/ThirdPersonCharacter.PackageMetaData'
[2018.12.06-12.54.38:971][153]LogMetaData: Removing '/Game/ThirdPersonTemplate/ThirdPersonBP/Blueprints/ThirdPersonGameMode.ThirdPersonGameMode_C' ref from Metadata '/Game/ThirdPersonBP/Blueprints/ThirdPersonGameMode.PackageMetaData'
[2018.12.06-12.54.38:971][153]LogMetaData: Removing '/Game/ThirdPersonTemplate/ThirdPersonBP/Blueprints/ThirdPersonGameMode.SKEL_ThirdPersonGameMode_C:DefaultSceneRoot' ref from Metadata '/Game/ThirdPersonBP/Blueprints/ThirdPersonGameMode.PackageMetaData'
[2018.12.06-12.54.38:971][153]LogMetaData: Removing '/Game/ThirdPersonTemplate/ThirdPersonBP/Blueprints/ThirdPersonGameMode.SKEL_ThirdPersonGameMode_C:UserConstructionScript' ref from Metadata '/Game/ThirdPersonBP/Blueprints/ThirdPersonGameMode.PackageMetaData'
[2018.12.06-12.54.38:971][153]LogMetaData: Removing '/Game/ThirdPersonTemplate/ThirdPersonBP/Blueprints/ThirdPersonGameMode.SKEL_ThirdPersonGameMode_C' ref from Metadata '/Game/ThirdPersonBP/Blueprints/ThirdPersonGameMode.PackageMetaData'
[2018.12.06-12.54.38:971][153]LogMetaData: Removing '/Game/ThirdPersonTemplate/ThirdPersonBP/Blueprints/ThirdPersonGameMode.ThirdPersonGameMode_C:DefaultSceneRoot' ref from Metadata '/Game/ThirdPersonBP/Blueprints/ThirdPersonGameMode.PackageMetaData'
[2018.12.06-12.54.39:455][153]LogMetaData: Removing '/Game/ThirdPersonTemplate/ThirdPersonBP/Maps/ThirdPersonExampleMap.ThirdPersonExampleMap_C' ref from Metadata '/Game/ThirdPersonBP/Maps/ThirdPersonExampleMap.PackageMetaData'
[2018.12.06-12.54.39:455][153]LogMetaData: Removing '/Game/ThirdPersonTemplate/ThirdPersonBP/Maps/ThirdPersonExampleMap.SKEL_ThirdPersonExampleMap_C' ref from Metadata '/Game/ThirdPersonBP/Maps/ThirdPersonExampleMap.PackageMetaData'
[2018.12.06-12.54.39:462][153]LogMetaData: Removing '/Game/ThirdPersonTemplate/ThirdPersonBP/ThirdPersonOverview.ThirdPersonOverview_C' ref from Metadata '/Game/ThirdPersonBP/ThirdPersonOverview.PackageMetaData'
[2018.12.06-12.54.39:462][153]LogMetaData: Removing '/Game/ThirdPersonTemplate/ThirdPersonBP/ThirdPersonOverview.SKEL_ThirdPersonOverview_C' ref from Metadata '/Game/ThirdPersonBP/ThirdPersonOverview.PackageMetaData'
[2018.12.06-12.54.39:931][153]LogSavePackage: Moving '../../../../../../Temp2/Temp/Projects/UnrealEngine Projects/Project_PantyPirate/Saved/ThirdPersonExampleMap_BuiltData29B53CAB4AF9C8BC16E32D9B2BFAC192.tmp' to '../../../../../../Temp2/Temp/Projects/UnrealEngine Projects/Project_PantyPirate/Content/ThirdPersonTemplate/ThirdPersonBP/Maps/ThirdPersonExampleMap_BuiltData.uasset'
[2018.12.06-12.54.40:300][153]LogSavePackage: Moving '../../../../../../Temp2/Temp/Projects/UnrealEngine Projects/Project_PantyPirate/Saved/ThirdPersonCharacterA0188F90465E27C98FB833A2301BA688.tmp' to '../../../../../../Temp2/Temp/Projects/UnrealEngine Projects/Project_PantyPirate/Content/ThirdPersonTemplate/ThirdPersonBP/Blueprints/ThirdPersonCharacter.uasset'
[2018.12.06-12.54.40:379][153]LogSavePackage: Moving '../../../../../../Temp2/Temp/Projects/UnrealEngine Projects/Project_PantyPirate/Saved/ThirdPersonGameMode7397371A4F108A829EA86AB7FFD2E106.tmp' to '../../../../../../Temp2/Temp/Projects/UnrealEngine Projects/Project_PantyPirate/Content/ThirdPersonTemplate/ThirdPersonBP/Blueprints/ThirdPersonGameMode.uasset'
[2018.12.06-12.54.40:812][153]LogSavePackage: Moving '../../../../../../Temp2/Temp/Projects/UnrealEngine Projects/Project_PantyPirate/Saved/ThirdPersonExampleMap4382B1D745EF09703F303FAA752D8D04.tmp' to '../../../../../../Temp2/Temp/Projects/UnrealEngine Projects/Project_PantyPirate/Content/ThirdPersonTemplate/ThirdPersonBP/Maps/ThirdPersonExampleMap.umap'
[2018.12.06-12.54.40:909][153]LogFileHelpers: Saving map 'ThirdPersonExampleMap' took 0.524
[2018.12.06-12.54.41:074][153]LogSavePackage: Moving '../../../../../../Temp2/Temp/Projects/UnrealEngine Projects/Project_PantyPirate/Saved/ThirdPersonOverview081B98B94FF7D5D673BF5DADAEE7F16E.tmp' to '../../../../../../Temp2/Temp/Projects/UnrealEngine Projects/Project_PantyPirate/Content/ThirdPersonTemplate/ThirdPersonBP/ThirdPersonOverview.uasset'
[2018.12.06-12.54.41:783][153]LogSavePackage: Moving '../../../../../../Temp2/Temp/Projects/UnrealEngine Projects/Project_PantyPirate/Saved/CubeMaterial3D7D18C14552CB033A0E2E93DE50B123.tmp' to '../../../../../../Temp2/Temp/Projects/UnrealEngine Projects/Project_PantyPirate/Content/ThirdPersonTemplate/Geometry/Meshes/CubeMaterial.uasset'
[2018.12.06-12.54.41:879][153]LogSavePackage: Moving '../../../../../../Temp2/Temp/Projects/UnrealEngine Projects/Project_PantyPirate/Saved/1M_Cube2F1DDA0043F4F89133428786DAAB046A.tmp' to '../../../../../../Temp2/Temp/Projects/UnrealEngine Projects/Project_PantyPirate/Content/ThirdPersonTemplate/Geometry/Meshes/1M_Cube.uasset'
[2018.12.06-12.54.41:951][153]LogSavePackage: Moving '../../../../../../Temp2/Temp/Projects/UnrealEngine Projects/Project_PantyPirate/Saved/1M_Cube_ChamferE8ACEADC488A0A19DAE1AC82980D9B88.tmp' to '../../../../../../Temp2/Temp/Projects/UnrealEngine Projects/Project_PantyPirate/Content/ThirdPersonTemplate/Geometry/Meshes/1M_Cube_Chamfer.uasset'
[2018.12.06-12.54.42:075][153]LogSavePackage: Moving '../../../../../../Temp2/Temp/Projects/UnrealEngine Projects/Project_PantyPirate/Saved/TemplateFloor5EAD92DE4AC192615E51D19B61E87F0B.tmp' to '../../../../../../Temp2/Temp/Projects/UnrealEngine Projects/Project_PantyPirate/Content/ThirdPersonTemplate/Geometry/Meshes/TemplateFloor.uasset'
[2018.12.06-12.54.42:511][153]LogMetaData: Removing '/Game/ThirdPersonTemplate/Mannequin/Animations/ThirdPerson_AnimBP.ThirdPerson_AnimBP_C' ref from Metadata '/Game/Mannequin/Animations/ThirdPerson_AnimBP.PackageMetaData'
[2018.12.06-12.54.42:511][153]LogMetaData: Removing '/Game/ThirdPersonTemplate/Mannequin/Animations/ThirdPerson_AnimBP.ThirdPerson_AnimBP:AnimGraph.AnimGraphNode_StateMachine_1.Default.AnimStateTransitionNode_4.Transition.AnimGraphNode_TransitionResult_26' ref from Metadata '/Game/Mannequin/Animations/ThirdPerson_AnimBP.PackageMetaData'
[2018.12.06-12.54.42:511][153]LogMetaData: Removing '/Game/ThirdPersonTemplate/Mannequin/Animations/ThirdPerson_AnimBP.ThirdPerson_AnimBP:AnimGraph.AnimGraphNode_StateMachine_1.Default.AnimStateTransitionNode_6.Transition.AnimGraphNode_TransitionResult_37' ref from Metadata '/Game/Mannequin/Animations/ThirdPerson_AnimBP.PackageMetaData'
[2018.12.06-12.54.42:511][153]LogMetaData: Removing '/Game/ThirdPersonTemplate/Mannequin/Animations/ThirdPerson_AnimBP.ThirdPerson_AnimBP:AnimGraph.AnimGraphNode_StateMachine_1.Default.AnimStateTransitionNode_2.Transition.AnimGraphNode_TransitionResult_15' ref from Metadata '/Game/Mannequin/Animations/ThirdPerson_AnimBP.PackageMetaData'
[2018.12.06-12.54.42:511][153]LogMetaData: Removing '/Game/ThirdPersonTemplate/Mannequin/Animations/ThirdPerson_AnimBP.ThirdPerson_AnimBP:AnimGraph.AnimGraphNode_StateMachine_1.Default.AnimStateTransitionNode_8.Transition.AnimGraphNode_TransitionResult_48' ref from Metadata '/Game/Mannequin/Animations/ThirdPerson_AnimBP.PackageMetaData'
[2018.12.06-12.54.42:511][153]LogMetaData: Removing '/Game/ThirdPersonTemplate/Mannequin/Animations/ThirdPerson_AnimBP.SKEL_ThirdPerson_AnimBP_C:BlueprintUpdateAnimation' ref from Metadata '/Game/Mannequin/Animations/ThirdPerson_AnimBP.PackageMetaData'
[2018.12.06-12.54.42:511][153]LogMetaData: Removing '/Game/ThirdPersonTemplate/Mannequin/Animations/ThirdPerson_AnimBP.SKEL_ThirdPerson_AnimBP_C:Speed' ref from Metadata '/Game/Mannequin/Animations/ThirdPerson_AnimBP.PackageMetaData'
[2018.12.06-12.54.42:511][153]LogMetaData: Removing '/Game/ThirdPersonTemplate/Mannequin/Animations/ThirdPerson_AnimBP.SKEL_ThirdPerson_AnimBP_C:IsInAir?' ref from Metadata '/Game/Mannequin/Animations/ThirdPerson_AnimBP.PackageMetaData'
[2018.12.06-12.54.42:511][153]LogMetaData: Removing '/Game/ThirdPersonTemplate/Mannequin/Animations/ThirdPerson_AnimBP.SKEL_ThirdPerson_AnimBP_C' ref from Metadata '/Game/Mannequin/Animations/ThirdPerson_AnimBP.PackageMetaData'
[2018.12.06-12.54.42:511][153]LogMetaData: Removing '/Game/ThirdPersonTemplate/Mannequin/Animations/ThirdPerson_AnimBP.ThirdPerson_AnimBP_C:Speed' ref from Metadata '/Game/Mannequin/Animations/ThirdPerson_AnimBP.PackageMetaData'
[2018.12.06-12.54.42:511][153]LogMetaData: Removing '/Game/ThirdPersonTemplate/Mannequin/Animations/ThirdPerson_AnimBP.ThirdPerson_AnimBP_C:IsInAir?' ref from Metadata '/Game/Mannequin/Animations/ThirdPerson_AnimBP.PackageMetaData'
[2018.12.06-12.54.42:511][153]LogMetaData: Removing '/Game/ThirdPersonTemplate/Mannequin/Animations/ThirdPerson_AnimBP.ThirdPerson_AnimBP_C:BlueprintUpdateAnimation' ref from Metadata '/Game/Mannequin/Animations/ThirdPerson_AnimBP.PackageMetaData'
[2018.12.06-12.54.42:914][153]LogSavePackage: Moving '../../../../../../Temp2/Temp/Projects/UnrealEngine Projects/Project_PantyPirate/Saved/ThirdPerson_IdleRun_2D8B0288AB4E8CF981577939A250C33FB4.tmp' to '../../../../../../Temp2/Temp/Projects/UnrealEngine Projects/Project_PantyPirate/Content/ThirdPersonTemplate/Mannequin/Animations/ThirdPerson_IdleRun_2D.uasset'
[2018.12.06-12.54.43:001][153]LogSavePackage: Moving '../../../../../../Temp2/Temp/Projects/UnrealEngine Projects/Project_PantyPirate/Saved/ThirdPersonWalk47ACA5644C4074C59FA874AA8155FC1C.tmp' to '../../../../../../Temp2/Temp/Projects/UnrealEngine Projects/Project_PantyPirate/Content/ThirdPersonTemplate/Mannequin/Animations/ThirdPersonWalk.uasset'
[2018.12.06-12.54.43:082][153]LogSavePackage: Moving '../../../../../../Temp2/Temp/Projects/UnrealEngine Projects/Project_PantyPirate/Saved/ThirdPersonRunF3AE340D481133A421B0B1A65FBD54E4.tmp' to '../../../../../../Temp2/Temp/Projects/UnrealEngine Projects/Project_PantyPirate/Content/ThirdPersonTemplate/Mannequin/Animations/ThirdPersonRun.uasset'
[2018.12.06-12.54.43:164][153]LogSavePackage: Moving '../../../../../../Temp2/Temp/Projects/UnrealEngine Projects/Project_PantyPirate/Saved/ThirdPersonIdle351C9B004CAA582E3131CB9A9A5C2D55.tmp' to '../../../../../../Temp2/Temp/Projects/UnrealEngine Projects/Project_PantyPirate/Content/ThirdPersonTemplate/Mannequin/Animations/ThirdPersonIdle.uasset'
[2018.12.06-12.54.43:288][153]LogSavePackage: Moving '../../../../../../Temp2/Temp/Projects/UnrealEngine Projects/Project_PantyPirate/Saved/ThirdPersonJump_StartEA715A8F47DE4E3A6F73B68513C4038D.tmp' to '../../../../../../Temp2/Temp/Projects/UnrealEngine Projects/Project_PantyPirate/Content/ThirdPersonTemplate/Mannequin/Animations/ThirdPersonJump_Start.uasset'
[2018.12.06-12.54.43:372][153]LogSavePackage: Moving '../../../../../../Temp2/Temp/Projects/UnrealEngine Projects/Project_PantyPirate/Saved/ThirdPersonJump_LoopDEF78559412145877695DBB52C0B1309.tmp' to '../../../../../../Temp2/Temp/Projects/UnrealEngine Projects/Project_PantyPirate/Content/ThirdPersonTemplate/Mannequin/Animations/ThirdPersonJump_Loop.uasset'
[2018.12.06-12.54.43:454][153]LogSavePackage: Moving '../../../../../../Temp2/Temp/Projects/UnrealEngine Projects/Project_PantyPirate/Saved/ThirdPerson_Jump14870B8D43286D2346980D9B52B35F96.tmp' to '../../../../../../Temp2/Temp/Projects/UnrealEngine Projects/Project_PantyPirate/Content/ThirdPersonTemplate/Mannequin/Animations/ThirdPerson_Jump.uasset'
[2018.12.06-12.54.43:550][153]LogSavePackage: Moving '../../../../../../Temp2/Temp/Projects/UnrealEngine Projects/Project_PantyPirate/Saved/UE4_Mannequin_SkeletonF7E098014627A74C16D541AF3CBB1984.tmp' to '../../../../../../Temp2/Temp/Projects/UnrealEngine Projects/Project_PantyPirate/Content/ThirdPersonTemplate/Mannequin/Character/Mesh/UE4_Mannequin_Skeleton.uasset'
[2018.12.06-12.54.43:870][153]LogSavePackage: Moving '../../../../../../Temp2/Temp/Projects/UnrealEngine Projects/Project_PantyPirate/Saved/ThirdPerson_AnimBP22A0541A4B6E113BF1E975BDA92BEE4B.tmp' to '../../../../../../Temp2/Temp/Projects/UnrealEngine Projects/Project_PantyPirate/Content/ThirdPersonTemplate/Mannequin/Animations/ThirdPerson_AnimBP.uasset'
[2018.12.06-12.54.43:959][153]LogSavePackage: Moving '../../../../../../Temp2/Temp/Projects/UnrealEngine Projects/Project_PantyPirate/Saved/T_ML_Rubber_Blue_01_D7525D0844489C23C5F68C2A6B21D2CBF.tmp' to '../../../../../../Temp2/Temp/Projects/UnrealEngine Projects/Project_PantyPirate/Content/ThirdPersonTemplate/Mannequin/Character/Materials/MaterialLayers/T_ML_Rubber_Blue_01_D.uasset'
[2018.12.06-12.54.44:028][153]LogSavePackage: Moving '../../../../../../Temp2/Temp/Projects/UnrealEngine Projects/Project_PantyPirate/Saved/T_ML_Rubber_Blue_01_N913E341B472825DAAA7597BAA547B4EC.tmp' to '../../../../../../Temp2/Temp/Projects/UnrealEngine Projects/Project_PantyPirate/Content/ThirdPersonTemplate/Mannequin/Character/Materials/MaterialLayers/T_ML_Rubber_Blue_01_N.uasset'
[2018.12.06-12.54.44:041][153]LogMaterial: Display: Missing cached shader map for material Material_0, compiling. 
[2018.12.06-12.54.44:256][153]LogShaderCompilers: Display: Shaders left to compile 44
[2018.12.06-12.54.44:256][153]LogShaderCompilers: Display: Shaders left to compile 34
[2018.12.06-12.54.44:256][153]LogShaderCompilers: Display: Shaders left to compile 24
[2018.12.06-12.54.44:256][153]LogShaderCompilers: Display: Shaders left to compile 14
[2018.12.06-12.54.44:764][153]LogSavePackage: Moving '../../../../../../Temp2/Temp/Projects/UnrealEngine Projects/Project_PantyPirate/Saved/ML_GlossyBlack_Latex_UE448A495F64607B271698A4AAAFDD85473.tmp' to '../../../../../../Temp2/Temp/Projects/UnrealEngine Projects/Project_PantyPirate/Content/ThirdPersonTemplate/Mannequin/Character/Materials/MaterialLayers/ML_GlossyBlack_Latex_UE4.uasset'
[2018.12.06-12.54.44:774][153]LogMaterial: Display: Missing cached shader map for material Material_1, compiling. 
[2018.12.06-12.54.44:991][153]LogSavePackage: Moving '../../../../../../Temp2/Temp/Projects/UnrealEngine Projects/Project_PantyPirate/Saved/ML_Plastic_Shiny_Beige42C06B69463A4671114DB1A59831C16C.tmp' to '../../../../../../Temp2/Temp/Projects/UnrealEngine Projects/Project_PantyPirate/Content/ThirdPersonTemplate/Mannequin/Character/Materials/MaterialLayers/ML_Plastic_Shiny_Beige.uasset'
[2018.12.06-12.54.45:148][153]LogSavePackage: Moving '../../../../../../Temp2/Temp/Projects/UnrealEngine Projects/Project_PantyPirate/Saved/UE4_LOGO_CARD49AD379D4952DF61EBFC8BA7AA7A5A38.tmp' to '../../../../../../Temp2/Temp/Projects/UnrealEngine Projects/Project_PantyPirate/Content/ThirdPersonTemplate/Mannequin/Character/Textures/UE4_LOGO_CARD.uasset'
[2018.12.06-12.54.45:158][153]LogMaterial: Display: Missing cached shader map for material Material_2, compiling. 
[2018.12.06-12.54.45:349][153]LogSavePackage: Moving '../../../../../../Temp2/Temp/Projects/UnrealEngine Projects/Project_PantyPirate/Saved/ML_Plastic_Shiny_Beige_LOGO631A91D24700050A40472991598E02D5.tmp' to '../../../../../../Temp2/Temp/Projects/UnrealEngine Projects/Project_PantyPirate/Content/ThirdPersonTemplate/Mannequin/Character/Materials/MaterialLayers/ML_Plastic_Shiny_Beige_LOGO.uasset'
[2018.12.06-12.54.45:433][153]LogSavePackage: Moving '../../../../../../Temp2/Temp/Projects/UnrealEngine Projects/Project_PantyPirate/Saved/T_ML_Aluminum01169746624CFE48541CF6E488A89A94DB.tmp' to '../../../../../../Temp2/Temp/Projects/UnrealEngine Projects/Project_PantyPirate/Content/ThirdPersonTemplate/Mannequin/Character/Materials/MaterialLayers/T_ML_Aluminum01.uasset'
[2018.12.06-12.54.45:500][153]LogSavePackage: Moving '../../../../../../Temp2/Temp/Projects/UnrealEngine Projects/Project_PantyPirate/Saved/T_ML_Aluminum01_N7EAB009A46DD41FA643D17BD58AB118D.tmp' to '../../../../../../Temp2/Temp/Projects/UnrealEngine Projects/Project_PantyPirate/Content/ThirdPersonTemplate/Mannequin/Character/Materials/MaterialLayers/T_ML_Aluminum01_N.uasset'
[2018.12.06-12.54.45:513][153]LogMaterial: Display: Missing cached shader map for material Material_3, compiling. 
[2018.12.06-12.54.45:731][153]LogSavePackage: Moving '../../../../../../Temp2/Temp/Projects/UnrealEngine Projects/Project_PantyPirate/Saved/ML_SoftMetal_UE463207B0149B4D74B704A19B5E48E59BF.tmp' to '../../../../../../Temp2/Temp/Projects/UnrealEngine Projects/Project_PantyPirate/Content/ThirdPersonTemplate/Mannequin/Character/Materials/MaterialLayers/ML_SoftMetal_UE4.uasset'
[2018.12.06-12.54.46:259][153]LogSavePackage: Moving '../../../../../../Temp2/Temp/Projects/UnrealEngine Projects/Project_PantyPirate/Saved/UE4_Mannequin__normals17C67ADD472622CBBC91138B54560F2C.tmp' to '../../../../../../Temp2/Temp/Projects/UnrealEngine Projects/Project_PantyPirate/Content/ThirdPersonTemplate/Mannequin/Character/Textures/UE4_Mannequin__normals.uasset'
[2018.12.06-12.54.46:419][153]LogSavePackage: Moving '../../../../../../Temp2/Temp/Projects/UnrealEngine Projects/Project_PantyPirate/Saved/UE4_Mannequin_MAT_MASKA34A2AE3C4D6FE7AA4B8B95AB9C1ED368.tmp' to '../../../../../../Temp2/Temp/Projects/UnrealEngine Projects/Project_PantyPirate/Content/ThirdPersonTemplate/Mannequin/Character/Textures/UE4_Mannequin_MAT_MASKA.uasset'
[2018.12.06-12.54.46:770][153]LogSavePackage: Moving '../../../../../../Temp2/Temp/Projects/UnrealEngine Projects/Project_PantyPirate/Saved/M_UE4Man_BodyDBD603AF418020FAE6AF92934D851BC3.tmp' to '../../../../../../Temp2/Temp/Projects/UnrealEngine Projects/Project_PantyPirate/Content/ThirdPersonTemplate/Mannequin/Character/Materials/M_UE4Man_Body.uasset'
[2018.12.06-12.54.46:890][153]LogSavePackage: Moving '../../../../../../Temp2/Temp/Projects/UnrealEngine Projects/Project_PantyPirate/Saved/UE4Man_Logo_N603B1CD04B3E47AE2B7E83A663871A88.tmp' to '../../../../../../Temp2/Temp/Projects/UnrealEngine Projects/Project_PantyPirate/Content/ThirdPersonTemplate/Mannequin/Character/Textures/UE4Man_Logo_N.uasset'
[2018.12.06-12.54.47:036][153]LogSavePackage: Moving '../../../../../../Temp2/Temp/Projects/UnrealEngine Projects/Project_PantyPirate/Saved/M_UE4Man_ChestLogo1DF4C4E84A7E3A01E9A1F1B6F2A84F64.tmp' to '../../../../../../Temp2/Temp/Projects/UnrealEngine Projects/Project_PantyPirate/Content/ThirdPersonTemplate/Mannequin/Character/Materials/M_UE4Man_ChestLogo.uasset'
[2018.12.06-12.54.47:318][153]LogSavePackage: Moving '../../../../../../Temp2/Temp/Projects/UnrealEngine Projects/Project_PantyPirate/Saved/SK_Mannequin_PhysicsAsset8545E1B34FE266C3EC273AB131727A50.tmp' to '../../../../../../Temp2/Temp/Projects/UnrealEngine Projects/Project_PantyPirate/Content/ThirdPersonTemplate/Mannequin/Character/Mesh/SK_Mannequin_PhysicsAsset.uasset'
[2018.12.06-12.54.47:690][153]LogSavePackage: Moving '../../../../../../Temp2/Temp/Projects/UnrealEngine Projects/Project_PantyPirate/Saved/SK_Mannequin5E89B1E44BDDE2CCC5C5F3A59E2702B2.tmp' to '../../../../../../Temp2/Temp/Projects/UnrealEngine Projects/Project_PantyPirate/Content/ThirdPersonTemplate/Mannequin/Character/Mesh/SK_Mannequin.uasset'
[2018.12.06-12.54.47:855][153]LogSavePackage: Moving '../../../../../../Temp2/Temp/Projects/UnrealEngine Projects/Project_PantyPirate/Saved/ThirdPersonJump_End6AD5B9D64202730ABF69E380B47CD9B6.tmp' to '../../../../../../Temp2/Temp/Projects/UnrealEngine Projects/Project_PantyPirate/Content/ThirdPersonTemplate/Mannequin/Animations/ThirdPersonJump_End.uasset'
[2018.12.06-12.54.48:531][153]LogShaderCompilers: Display: Shaders left to compile 136
[2018.12.06-12.54.48:531][153]LogShaderCompilers: Display: Shaders left to compile 126
[2018.12.06-12.54.48:757][153]LogShaderCompilers: Display: Shaders left to compile 116
[2018.12.06-12.54.50:010][153]LogShaderCompilers: Display: Shaders left to compile 106
[2018.12.06-12.54.50:094][153]LogShaderCompilers: Display: Shaders left to compile 96
[2018.12.06-12.54.50:094][153]LogSavePackage: Moving '../../../../../../Temp2/Temp/Projects/UnrealEngine Projects/Project_PantyPirate/Saved/RampMaterial45C6E7794271571AD52DF599DF1B9E19.tmp' to '../../../../../../Temp2/Temp/Projects/UnrealEngine Projects/Project_PantyPirate/Content/ThirdPersonTemplate/ThirdPerson/Meshes/RampMaterial.uasset'
[2018.12.06-12.54.50:201][153]LogSavePackage: Moving '../../../../../../Temp2/Temp/Projects/UnrealEngine Projects/Project_PantyPirate/Saved/Bump_StaticMesh95D9BE3645FFB11154E2A8A09C4FA3CB.tmp' to '../../../../../../Temp2/Temp/Projects/UnrealEngine Projects/Project_PantyPirate/Content/ThirdPersonTemplate/ThirdPerson/Meshes/Bump_StaticMesh.uasset'
[2018.12.06-12.54.50:321][153]LogShaderCompilers: Display: Shaders left to compile 86
[2018.12.06-12.54.50:321][153]LogSavePackage: Moving '../../../../../../Temp2/Temp/Projects/UnrealEngine Projects/Project_PantyPirate/Saved/LeftArm_StaticMesh329ED98842E91BA900F548B1C024C038.tmp' to '../../../../../../Temp2/Temp/Projects/UnrealEngine Projects/Project_PantyPirate/Content/ThirdPersonTemplate/ThirdPerson/Meshes/LeftArm_StaticMesh.uasset'
[2018.12.06-12.54.50:412][153]LogShaderCompilers: Display: Shaders left to compile 76
[2018.12.06-12.54.50:412][153]LogSavePackage: Moving '../../../../../../Temp2/Temp/Projects/UnrealEngine Projects/Project_PantyPirate/Saved/Linear_Stair_StaticMesh3521C17A4C25E4F2F84DB7BFBB7B0034.tmp' to '../../../../../../Temp2/Temp/Projects/UnrealEngine Projects/Project_PantyPirate/Content/ThirdPersonTemplate/ThirdPerson/Meshes/Linear_Stair_StaticMesh.uasset'
[2018.12.06-12.54.50:605][153]LogSavePackage: Moving '../../../../../../Temp2/Temp/Projects/UnrealEngine Projects/Project_PantyPirate/Saved/Ramp_StaticMesh5CA613EF4D43E103D99AB593D4854DDD.tmp' to '../../../../../../Temp2/Temp/Projects/UnrealEngine Projects/Project_PantyPirate/Content/ThirdPersonTemplate/ThirdPerson/Meshes/Ramp_StaticMesh.uasset'
[2018.12.06-12.54.50:740][153]LogSavePackage: Moving '../../../../../../Temp2/Temp/Projects/UnrealEngine Projects/Project_PantyPirate/Saved/RightArm_StaticMesh44804DE04EB451098DF711947E879082.tmp' to '../../../../../../Temp2/Temp/Projects/UnrealEngine Projects/Project_PantyPirate/Content/ThirdPersonTemplate/ThirdPerson/Meshes/RightArm_StaticMesh.uasset'
[2018.12.06-12.54.51:897][199]LogShaderCompilers: Display: Shaders left to compile 66
[2018.12.06-12.54.52:131][227]LogShaderCompilers: Display: Shaders left to compile 56
[2018.12.06-12.54.52:300][247]LogShaderCompilers: Display: Shaders left to compile 46
[2018.12.06-12.54.52:991][327]LogShaderCompilers: Display: Shaders left to compile 36
[2018.12.06-12.54.53:959][436]LogShaderCompilers: Display: Shaders left to compile 26
[2018.12.06-12.54.54:052][446]LogShaderCompilers: Display: Shaders left to compile 16
[2018.12.06-12.54.54:800][532]LogShaderCompilers: Display: Shaders left to compile 6
[2018.12.06-12.55.22:575][504]LogSlate: Window 'Project_PantyPirate - Unreal Editor' being destroyed
[2018.12.06-12.55.22:575][504]LogWindowsTextInputMethodSystem: Display: IME system now deactivated.
[2018.12.06-12.55.22:575][504]LogWindowsTextInputMethodSystem: Display: IME system now deactivated.
[2018.12.06-12.55.23:154][505]Cmd: QUIT_EDITOR
[2018.12.06-12.55.23:527][505]LogExit: Preparing to exit.
[2018.12.06-12.55.24:823][505]LogExit: Editor shut down
[2018.12.06-12.55.24:824][505]LogExit: Transaction tracking system shut down
[2018.12.06-12.55.27:035][505]LogExit: Object subsystem successfully closed.
[2018.12.06-12.55.27:184][505]LogShaderCompilers: Display: Shaders left to compile 0
[2018.12.06-12.55.27:198][505]LogD3D11RHI: Shutdown
[2018.12.06-12.55.27:198][505]LogD3D11RHI: CleanupD3DDevice
[2018.12.06-12.55.27:248][505]LogD3D11RHI: ~FD3D11DynamicRHI
[2018.12.06-12.55.28:266][505]LogModuleManager: Shutting down and abandoning module HierarchicalLODUtilities (612)
[2018.12.06-12.55.28:275][505]LogModuleManager: Shutting down and abandoning module HierarchicalLODOutliner (610)
[2018.12.06-12.55.28:275][505]LogModuleManager: Shutting down and abandoning module SceneOutliner (608)
[2018.12.06-12.55.28:275][505]LogModuleManager: Shutting down and abandoning module AddContentDialog (606)
[2018.12.06-12.55.28:275][505]LogModuleManager: Shutting down and abandoning module WidgetCarousel (605)
[2018.12.06-12.55.28:275][505]LogModuleManager: Shutting down and abandoning module EditorWidgets (602)
[2018.12.06-12.55.28:275][505]LogModuleManager: Shutting down and abandoning module CollectionManager (600)
[2018.12.06-12.55.28:296][505]LogModuleManager: Shutting down and abandoning module StatsViewer (598)
[2018.12.06-12.55.28:306][505]LogModuleManager: Shutting down and abandoning module FoliageEdit (596)
[2018.12.06-12.55.28:306][505]LogModuleManager: Shutting down and abandoning module LandscapeEditor (594)
[2018.12.06-12.55.28:320][505]LogModuleManager: Shutting down and abandoning module MeshPaintMode (592)
[2018.12.06-12.55.28:320][505]LogModuleManager: Shutting down and abandoning module SceneDepthPickerMode (590)
[2018.12.06-12.55.28:320][505]LogModuleManager: Shutting down and abandoning module ActorPickerMode (588)
[2018.12.06-12.55.28:320][505]LogModuleManager: Shutting down and abandoning module GeometryMode (586)
[2018.12.06-12.55.28:320][505]LogModuleManager: Shutting down and abandoning module TextureAlignMode (584)
[2018.12.06-12.55.28:320][505]LogModuleManager: Shutting down and abandoning module BspMode (582)
[2018.12.06-12.55.28:320][505]LogModuleManager: Shutting down and abandoning module PIEPreviewDeviceProfileSelector (580)
[2018.12.06-12.55.28:321][505]LogModuleManager: Shutting down and abandoning module SequenceRecorderSections (578)
[2018.12.06-12.55.28:333][505]LogModuleManager: Shutting down and abandoning module AutomationWorker (576)
[2018.12.06-12.55.28:333][505]LogModuleManager: Shutting down and abandoning module AudioCaptureEditor (574)
[2018.12.06-12.55.28:333][505]LogModuleManager: Shutting down and abandoning module SequenceRecorder (573)
[2018.12.06-12.55.28:334][505]LogModuleManager: Shutting down and abandoning module MatineeToLevelSequence (570)
[2018.12.06-12.55.28:338][505]LogModuleManager: Shutting down and abandoning module LevelSequenceEditor (568)
[2018.12.06-12.55.28:349][505]LogModuleManager: Shutting down and abandoning module PlacementMode (567)
[2018.12.06-12.55.28:349][505]LogModuleManager: Shutting down and abandoning module MaterialEditor (566)
[2018.12.06-12.55.28:400][505]LogModuleManager: Shutting down and abandoning module WmfMediaFactory (562)
[2018.12.06-12.55.28:400][505]LogModuleManager: Shutting down and abandoning module WmfMediaEditor (560)
[2018.12.06-12.55.28:400][505]LogModuleManager: Shutting down and abandoning module MediaPlayerEditor (558)
[2018.12.06-12.55.28:414][505]LogModuleManager: Shutting down and abandoning module OpenExrWrapper (556)
[2018.12.06-12.55.28:414][505]LogModuleManager: Shutting down and abandoning module ImgMediaFactory (554)
[2018.12.06-12.55.28:414][505]LogModuleManager: Shutting down and abandoning module ImgMediaEditor (552)
[2018.12.06-12.55.28:414][505]LogModuleManager: Shutting down and abandoning module AvfMediaFactory (550)
[2018.12.06-12.55.28:414][505]LogModuleManager: Shutting down and abandoning module AvfMediaEditor (548)
[2018.12.06-12.55.28:414][505]LogModuleManager: Shutting down and abandoning module AndroidMediaFactory (546)
[2018.12.06-12.55.28:414][505]LogModuleManager: Shutting down and abandoning module AndroidMediaEditor (544)
[2018.12.06-12.55.28:414][505]LogModuleManager: Shutting down and abandoning module MagicLeapCameraPreviewFactory (542)
[2018.12.06-12.55.28:414][505]LogModuleManager: Shutting down and abandoning module MagicLeapMediaFactory (540)
[2018.12.06-12.55.28:414][505]LogModuleManager: Shutting down and abandoning module MagicLeapMediaEditor (538)
[2018.12.06-12.55.28:414][505]LogModuleManager: Shutting down and abandoning module CharacterAI (536)
[2018.12.06-12.55.28:414][505]LogModuleManager: Shutting down and abandoning module SmartSnapping (534)
[2018.12.06-12.55.28:414][505]LogModuleManager: Shutting down and abandoning module SessionServices (532)
[2018.12.06-12.55.28:414][505]LogModuleManager: Shutting down and abandoning module ViewportSnapping (530)
[2018.12.06-12.55.28:414][505]LogModuleManager: Shutting down and abandoning module ViewportInteraction (528)
[2018.12.06-12.55.28:414][505]LogModuleManager: Shutting down and abandoning module ClothPainter (526)
[2018.12.06-12.55.28:425][505]LogModuleManager: Shutting down and abandoning module SkeletalMeshEditor (525)
[2018.12.06-12.55.28:434][505]LogModuleManager: Shutting down and abandoning module LogVisualizer (522)
[2018.12.06-12.55.28:446][505]LogModuleManager: Shutting down and abandoning module IntroTutorials (520)
[2018.12.06-12.55.28:464][505]LogModuleManager: Shutting down and abandoning module GameProjectGeneration (519)
[2018.12.06-12.55.28:467][505]LogModuleManager: Shutting down and abandoning module LuminPlatformEditor (516)
[2018.12.06-12.55.28:467][505]LogModuleManager: Shutting down and abandoning module IOSPlatformEditor (514)
[2018.12.06-12.55.28:476][505]LogModuleManager: Shutting down and abandoning module HTML5PlatformEditor (512)
[2018.12.06-12.55.28:476][505]LogModuleManager: Shutting down and abandoning module AndroidPlatformEditor (510)
[2018.12.06-12.55.28:476][505]LogModuleManager: Shutting down and abandoning module AndroidDeviceDetection (509)
[2018.12.06-12.55.28:636][505]LogModuleManager: Shutting down and abandoning module WindowsPlatformEditor (506)
[2018.12.06-12.55.28:636][505]LogModuleManager: Shutting down and abandoning module LuminRuntimeSettings (504)
[2018.12.06-12.55.28:636][505]LogModuleManager: Shutting down and abandoning module IOSRuntimeSettings (502)
[2018.12.06-12.55.28:636][505]LogModuleManager: Shutting down and abandoning module AndroidRuntimeSettings (500)
[2018.12.06-12.55.28:636][505]LogModuleManager: Shutting down and abandoning module InputBindingEditor (498)
[2018.12.06-12.55.28:667][505]LogModuleManager: Shutting down and abandoning module MergeActors (496)
[2018.12.06-12.55.28:683][505]LogModuleManager: Shutting down and abandoning module LocalizationDashboard (494)
[2018.12.06-12.55.28:693][505]LogModuleManager: Shutting down and abandoning module LocalizationService (493)
[2018.12.06-12.55.28:707][505]LogModuleManager: Shutting down and abandoning module HardwareTargeting (490)
[2018.12.06-12.55.28:707][505]LogModuleManager: Shutting down and abandoning module DeviceProfileEditor (488)
[2018.12.06-12.55.28:707][505]LogModuleManager: Shutting down and abandoning module UndoHistory (486)
[2018.12.06-12.55.28:713][505]LogModuleManager: Shutting down and abandoning module XmlParser (484)
[2018.12.06-12.55.28:713][505]LogModuleManager: Shutting down and abandoning module Blutility (482)
[2018.12.06-12.55.28:725][505]LogModuleManager: Shutting down and abandoning module ProjectSettingsViewer (480)
[2018.12.06-12.55.28:725][505]LogModuleManager: Shutting down and abandoning module ProjectTargetPlatformEditor (479)
[2018.12.06-12.55.28:725][505]LogModuleManager: Shutting down and abandoning module EditorSettingsViewer (476)
[2018.12.06-12.55.28:725][505]LogModuleManager: Shutting down and abandoning module SettingsEditor (474)
[2018.12.06-12.55.28:757][505]LogModuleManager: Shutting down and abandoning module ProjectLauncher (472)
[2018.12.06-12.55.28:768][505]LogModuleManager: Shutting down and abandoning module SessionFrontend (470)
[2018.12.06-12.55.28:776][505]LogModuleManager: Shutting down and abandoning module ProfilerClient (468)
[2018.12.06-12.55.28:787][505]LogModuleManager: Shutting down and abandoning module DeviceManager (466)
[2018.12.06-12.55.28:799][505]LogModuleManager: Shutting down and abandoning module TargetDeviceServices (465)
[2018.12.06-12.55.28:861][505]LogModuleManager: Shutting down and abandoning module AutomationController (462)
[2018.12.06-12.55.28:931][505]LogModuleManager: Shutting down and abandoning module AutomationWindow (460)
[2018.12.06-12.55.28:945][505]LogModuleManager: Shutting down and abandoning module Layers (458)
[2018.12.06-12.55.28:969][505]LogModuleManager: Shutting down and abandoning module ComponentVisualizers (456)
[2018.12.06-12.55.28:969][505]LogModuleManager: Shutting down and abandoning module DetailCustomizations (454)
[2018.12.06-12.55.28:978][505]LogModuleManager: Shutting down and abandoning module PackagesDialog (452)
[2018.12.06-12.55.29:007][505]LogModuleManager: Shutting down and abandoning module Persona (450)
[2018.12.06-12.55.29:031][505]LogModuleManager: Shutting down and abandoning module AdvancedPreviewScene (449)
[2018.12.06-12.55.29:031][505]LogModuleManager: Shutting down and abandoning module AnimGraph (447)
[2018.12.06-12.55.29:037][505]LogModuleManager: Shutting down and abandoning module Kismet (444)
[2018.12.06-12.55.29:071][505]LogModuleManager: Shutting down and abandoning module GraphEditor (442)
[2018.12.06-12.55.29:099][505]LogModuleManager: Shutting down and abandoning module ClassViewer (440)
[2018.12.06-12.55.29:099][505]LogModuleManager: Shutting down and abandoning module Toolbox (438)
[2018.12.06-12.55.29:099][505]LogModuleManager: Shutting down and abandoning module ModuleUI (436)
[2018.12.06-12.55.29:110][505]LogModuleManager: Shutting down and abandoning module MovieSceneTools (434)
[2018.12.06-12.55.29:120][505]LogModuleManager: Shutting down and abandoning module OutputLog (432)
[2018.12.06-12.55.29:120][505]LogModuleManager: Shutting down and abandoning module GammaUI (430)
[2018.12.06-12.55.29:132][505]LogModuleManager: Shutting down and abandoning module Documentation (428)
[2018.12.06-12.55.29:132][505]LogModuleManager: Shutting down and abandoning module MovieSceneTracks (426)
[2018.12.06-12.55.29:132][505]LogModuleManager: Shutting down and abandoning module MovieScene (424)
[2018.12.06-12.55.29:142][505]LogModuleManager: Shutting down and abandoning module StreamingPauseRendering (422)
[2018.12.06-12.55.29:150][505]LogModuleManager: Shutting down and abandoning module LauncherPlatform (420)
[2018.12.06-12.55.29:150][505]LogModuleManager: Shutting down and abandoning module AnalyticsET (418)
[2018.12.06-12.55.29:150][505]LogModuleManager: Shutting down and abandoning module PortalServices (416)
[2018.12.06-12.55.29:150][505]LogModuleManager: Shutting down and abandoning module PortalRpc (414)
[2018.12.06-12.55.29:150][505]LogModuleManager: Shutting down and abandoning module MessagingRpc (412)
[2018.12.06-12.55.29:150][505]LogModuleManager: Shutting down and abandoning module AIModule (410)
[2018.12.06-12.55.29:167][505]LogModuleManager: Shutting down and abandoning module GameplayDebugger (409)
[2018.12.06-12.55.29:175][505]LogModuleManager: Shutting down and abandoning module AITestSuite (407)
[2018.12.06-12.55.29:179][505]LogModuleManager: Shutting down and abandoning module NavigationSystem (405)
[2018.12.06-12.55.29:179][505]LogModuleManager: Shutting down and abandoning module DesktopPlatform (402)
[2018.12.06-12.55.29:179][505]LogModuleManager: Shutting down and abandoning module ProfilerService (400)
[2018.12.06-12.55.29:249][505]LogModuleManager: Shutting down and abandoning module TaskGraph (398)
[2018.12.06-12.55.29:269][505]LogModuleManager: Shutting down and abandoning module SteamVRController (396)
[2018.12.06-12.55.29:269][505]LogModuleManager: Shutting down and abandoning module ProceduralMeshComponentEditor (394)
[2018.12.06-12.55.29:269][505]LogModuleManager: Shutting down and abandoning module ProceduralMeshComponent (392)
[2018.12.06-12.55.29:275][505]LogModuleManager: Shutting down and abandoning module OculusInput (390)
[2018.12.06-12.55.29:275][505]LogModuleManager: Shutting down and abandoning module MobilePatchingUtils (388)
[2018.12.06-12.55.29:275][505]LogModuleManager: Shutting down and abandoning module EditableMesh (386)
[2018.12.06-12.55.29:287][505]LogModuleManager: Shutting down and abandoning module CustomMeshComponent (384)
[2018.12.06-12.55.29:287][505]LogModuleManager: Shutting down and abandoning module CableComponent (382)
[2018.12.06-12.55.29:287][505]LogModuleManager: Shutting down and abandoning module AudioCapture (380)
[2018.12.06-12.55.29:287][505]LogModuleManager: Shutting down and abandoning module ArchVisCharacter (378)
[2018.12.06-12.55.29:287][505]LogModuleManager: Shutting down and abandoning module AndroidPermission (376)
[2018.12.06-12.55.29:287][505]LogModuleManager: Shutting down and abandoning module NUTUnrealEngine4 (374)
[2018.12.06-12.55.29:287][505]LogModuleManager: Shutting down and abandoning module NetcodeUnitTest (372)
[2018.12.06-12.55.29:314][505]LogModuleManager: Shutting down and abandoning module MediaCompositingEditor (370)
[2018.12.06-12.55.29:314][505]LogModuleManager: Shutting down and abandoning module MediaCompositing (368)
[2018.12.06-12.55.29:314][505]LogModuleManager: Shutting down and abandoning module LinearTimecode (366)
[2018.12.06-12.55.29:314][505]LogModuleManager: Shutting down and abandoning module ImgMedia (364)
[2018.12.06-12.55.29:324][505]LogModuleManager: Shutting down and abandoning module HTML5Networking (362)
[2018.12.06-12.55.29:325][505]LogModuleManager: Shutting down and abandoning module GeometryCacheTracks (360)
[2018.12.06-12.55.29:325][505]LogModuleManager: Shutting down and abandoning module GeometryCacheSequencer (358)
[2018.12.06-12.55.29:325][505]LogModuleManager: Shutting down and abandoning module BackChannel (356)
[2018.12.06-12.55.29:334][505]LogModuleManager: Shutting down and abandoning module AppleVision (354)
[2018.12.06-12.55.29:334][505]LogModuleManager: Shutting down and abandoning module AppleImageUtils (352)
[2018.12.06-12.55.29:334][505]LogModuleManager: Shutting down and abandoning module AlembicImporter (350)
[2018.12.06-12.55.29:334][505]LogModuleManager: Shutting down and abandoning module AlembicLibrary (349)
[2018.12.06-12.55.29:334][505]LogModuleManager: Shutting down and abandoning module GeometryCache (348)
[2018.12.06-12.55.29:334][505]LogModuleManager: Shutting down and abandoning module GeometryCacheEd (347)
[2018.12.06-12.55.29:334][505]LogModuleManager: Shutting down and abandoning module DatasmithContentEditor (342)
[2018.12.06-12.55.29:341][505]LogModuleManager: Shutting down and abandoning module DatasmithContent (340)
[2018.12.06-12.55.29:341][505]LogModuleManager: Shutting down and abandoning module SpeedTreeImporter (338)
[2018.12.06-12.55.29:341][505]LogModuleManager: Shutting down and abandoning module PluginBrowser (336)
[2018.12.06-12.55.29:358][505]LogModuleManager: Shutting down and abandoning module MobileLauncherProfileWizard (334)
[2018.12.06-12.55.29:369][505]LogModuleManager: Shutting down and abandoning module PolygonModeling (332)
[2018.12.06-12.55.29:369][505]LogModuleManager: Shutting down and abandoning module MeshEditor (330)
[2018.12.06-12.55.29:375][505]LogModuleManager: Shutting down and abandoning module CryptoKeysOpenSSL (328)
[2018.12.06-12.55.29:382][505]LogModuleManager: Shutting down and abandoning module CryptoKeys (326)
[2018.12.06-12.55.29:382][505]LogModuleManager: Shutting down and abandoning module VisualStudioSourceCodeAccess (324)
[2018.12.06-12.55.29:382][505]LogModuleManager: Shutting down and abandoning module VisualStudioCodeSourceCodeAccess (322)
[2018.12.06-12.55.29:382][505]LogModuleManager: Shutting down and abandoning module UObjectPlugin (320)
[2018.12.06-12.55.29:382][505]LogModuleManager: Shutting down and abandoning module SubversionSourceControl (318)
[2018.12.06-12.55.29:399][505]LogModuleManager: Shutting down and abandoning module PerforceSourceControl (316)
[2018.12.06-12.55.29:426][505]LogModuleManager: Shutting down and abandoning module GitSourceControl (314)
[2018.12.06-12.55.29:446][505]LogModuleManager: Shutting down and abandoning module SourceControl (313)
[2018.12.06-12.55.29:458][505]LogModuleManager: Shutting down and abandoning module CLionSourceCodeAccess (310)
[2018.12.06-12.55.29:458][505]LogModuleManager: Shutting down and abandoning module LightPropagationVolumeEditor (308)
[2018.12.06-12.55.29:458][505]LogModuleManager: Shutting down and abandoning module PaperTiledImporter (306)
[2018.12.06-12.55.29:458][505]LogModuleManager: Shutting down and abandoning module PaperSpriteSheetImporter (304)
[2018.12.06-12.55.29:458][505]LogModuleManager: Shutting down and abandoning module Paper2DEditor (302)
[2018.12.06-12.55.29:466][505]LogModuleManager: Shutting down and abandoning module MeshPaint (301)
[2018.12.06-12.55.29:475][505]LogModuleManager: Shutting down and abandoning module RuntimePhysXCooking (298)
[2018.12.06-12.55.29:475][505]LogModuleManager: Shutting down and abandoning module PhysXVehiclesEditor (296)
[2018.12.06-12.55.29:475][505]LogModuleManager: Shutting down and abandoning module PhysXVehicles (294)
[2018.12.06-12.55.29:475][505]LogModuleManager: Shutting down and abandoning module OculusEditor (292)
[2018.12.06-12.55.29:517][505]LogModuleManager: Shutting down and abandoning module LocationServicesBPLibrary (290)
[2018.12.06-12.55.29:517][505]LogModuleManager: Shutting down and abandoning module ImmediatePhysicsEditor (288)
[2018.12.06-12.55.29:517][505]LogModuleManager: Shutting down and abandoning module ImmediatePhysics (286)
[2018.12.06-12.55.29:527][505]LogModuleManager: Shutting down and abandoning module ActorSequence (284)
[2018.12.06-12.55.29:527][505]LogModuleManager: Shutting down and abandoning module UdpMessaging (282)
[2018.12.06-12.55.29:627][505]LogModuleManager: Shutting down and abandoning module TcpMessaging (280)
[2018.12.06-12.55.29:743][505]LogModuleManager: Shutting down and abandoning module MagicLeapAudio (278)
[2018.12.06-12.55.29:743][505]LogModuleManager: Shutting down and abandoning module GameplayTagsEditor (276)
[2018.12.06-12.55.29:751][505]LogModuleManager: Shutting down and abandoning module FacialAnimationEditor (274)
[2018.12.06-12.55.29:751][505]LogModuleManager: Shutting down and abandoning module FacialAnimation (272)
[2018.12.06-12.55.29:751][505]LogModuleManager: Shutting down and abandoning module DataValidation (270)
[2018.12.06-12.55.29:751][505]LogModuleManager: Shutting down and abandoning module AssetManagerEditor (268)
[2018.12.06-12.55.29:761][505]LogModuleManager: Shutting down and abandoning module LevelEditor (267)
[2018.12.06-12.55.29:781][505]LogModuleManager: Shutting down and abandoning module PixelInspectorModule (266)
[2018.12.06-12.55.29:791][505]LogModuleManager: Shutting down and abandoning module CommonMenuExtensions (264)
[2018.12.06-12.55.29:791][505]LogModuleManager: Shutting down and abandoning module MainFrame (262)
[2018.12.06-12.55.29:798][505]LogModuleManager: Shutting down and abandoning module HotReload (261)
[2018.12.06-12.55.29:860][505]LogModuleManager: Shutting down and abandoning module ContentBrowser (257)
[2018.12.06-12.55.29:861][505]LogModuleManager: Shutting down and abandoning module TreeMap (255)
[2018.12.06-12.55.29:866][505]LogModuleManager: Shutting down and abandoning module LightPropagationVolumeRuntime (252)
[2018.12.06-12.55.29:866][505]LogModuleManager: Shutting down and abandoning module AISupportModule (250)
[2018.12.06-12.55.29:866][505]LogModuleManager: Shutting down and abandoning module Paper2D (248)
[2018.12.06-12.55.29:888][505]LogModuleManager: Shutting down and abandoning module WindowsMoviePlayer (246)
[2018.12.06-12.55.29:922][505]LogModuleManager: Shutting down and abandoning module WmfMedia (244)
[2018.12.06-12.55.29:949][505]LogModuleManager: Shutting down and abandoning module Media (243)
[2018.12.06-12.55.29:955][505]LogModuleManager: Shutting down and abandoning module PacketHandler (240)
[2018.12.06-12.55.29:955][505]LogModuleManager: Shutting down and abandoning module ClothingSystemEditor (238)
[2018.12.06-12.55.29:955][505]LogModuleManager: Shutting down and abandoning module ClothingSystemRuntime (236)
[2018.12.06-12.55.29:997][505]LogModuleManager: Shutting down and abandoning module MediaAssets (234)
[2018.12.06-12.55.29:997][505]LogModuleManager: Shutting down and abandoning module Overlay (232)
[2018.12.06-12.55.29:997][505]LogModuleManager: Shutting down and abandoning module OverlayEditor (231)
[2018.12.06-12.55.29:997][505]LogModuleManager: Shutting down and abandoning module VREditor (228)
[2018.12.06-12.55.30:017][505]LogModuleManager: Shutting down and abandoning module StringTableEditor (226)
[2018.12.06-12.55.30:025][505]LogModuleManager: Shutting down and abandoning module GameplayTasksEditor (224)
[2018.12.06-12.55.30:025][505]LogModuleManager: Shutting down and abandoning module BehaviorTreeEditor (222)
[2018.12.06-12.55.30:113][505]LogModuleManager: Shutting down and abandoning module FunctionalTesting (220)
[2018.12.06-12.55.30:144][505]LogModuleManager: Shutting down and abandoning module CollisionAnalyzer (218)
[2018.12.06-12.55.30:228][505]LogModuleManager: Shutting down and abandoning module WorkspaceMenuStructure (217)
[2018.12.06-12.55.30:228][505]LogModuleManager: Shutting down and abandoning module UMG (214)
[2018.12.06-12.55.30:238][505]LogModuleManager: Shutting down and abandoning module UMGEditor (213)
[2018.12.06-12.55.30:317][505]LogModuleManager: Shutting down and abandoning module Sequencer (212)
[2018.12.06-12.55.30:386][505]LogModuleManager: Shutting down and abandoning module MessageLog (209)
[2018.12.06-12.55.30:386][505]LogModuleManager: Shutting down and abandoning module SlateReflector (204)
[2018.12.06-12.55.30:478][505]LogModuleManager: Shutting down and abandoning module Slate (202)
[2018.12.06-12.55.30:478][505]LogModuleManager: Shutting down and abandoning module EditorStyle (200)
[2018.12.06-12.55.30:479][505]LogModuleManager: Shutting down and abandoning module MRMesh (198)
[2018.12.06-12.55.30:491][505]LogModuleManager: Shutting down and abandoning module SourceCodeAccess (196)
[2018.12.06-12.55.30:492][505]LogModuleManager: Shutting down and abandoning module HeadMountedDisplay (194)
[2018.12.06-12.55.30:492][505]LogModuleManager: Shutting down and abandoning module XAudio2 (192)
[2018.12.06-12.55.30:492][505]LogModuleManager: Shutting down and abandoning module Networking (190)
[2018.12.06-12.55.30:492][505]LogModuleManager: Shutting down and abandoning module Core (188)
[2018.12.06-12.55.30:492][505]LogModuleManager: Shutting down and abandoning module LevelSequence (186)
[2018.12.06-12.55.30:492][505]LogModuleManager: Shutting down and abandoning module KismetCompiler (184)
[2018.12.06-12.55.30:492][505]LogModuleManager: Shutting down and abandoning module MeshUtilities (182)
[2018.12.06-12.55.30:543][505]LogModuleManager: Shutting down and abandoning module MeshMergeUtilities (181)
[2018.12.06-12.55.30:572][505]LogModuleManager: Shutting down and abandoning module MeshReductionInterface (180)
[2018.12.06-12.55.30:572][505]LogModuleManager: Shutting down and abandoning module SimplygonSwarm (179)
[2018.12.06-12.55.30:578][505]LogModuleManager: Shutting down and abandoning module ProxyLODMeshReduction (177)
[2018.12.06-12.55.30:613][505]LogModuleManager: Shutting down and abandoning module SimplygonMeshReduction (175)
[2018.12.06-12.55.30:614][505]LogModuleManager: Shutting down and abandoning module QuadricMeshReduction (173)
[2018.12.06-12.55.30:655][505]LogModuleManager: Shutting down and abandoning module MaterialBaking (169)
[2018.12.06-12.55.30:662][505]LogModuleManager: Shutting down and abandoning module DirectoryWatcher (165)
[2018.12.06-12.55.30:663][505]LogModuleManager: Shutting down and abandoning module DerivedDataCache (162)
[2018.12.06-12.55.30:680][505]LogDerivedDataCache: Shutdown
[2018.12.06-12.55.30:680][505]LogModuleManager: Shutting down and abandoning module XGEController (160)
[2018.12.06-12.55.30:681][505]LogModuleManager: Shutting down and abandoning module TargetPlatform (158)
[2018.12.06-12.55.30:681][505]LogModuleManager: Shutting down and abandoning module VulkanShaderFormat (157)
[2018.12.06-12.55.30:689][505]LogModuleManager: Shutting down and abandoning module ShaderFormatVectorVM (155)
[2018.12.06-12.55.30:701][505]LogModuleManager: Shutting down and abandoning module ShaderFormatOpenGL (153)
[2018.12.06-12.55.30:717][505]LogModuleManager: Shutting down and abandoning module ShaderFormatD3D (151)
[2018.12.06-12.55.30:717][505]LogModuleManager: Shutting down and abandoning module MetalShaderFormat (149)
[2018.12.06-12.55.30:754][505]LogModuleManager: Shutting down and abandoning module TextureFormatUncompressed (147)
[2018.12.06-12.55.30:754][505]LogModuleManager: Shutting down and abandoning module TextureFormatPVR (145)
[2018.12.06-12.55.30:754][505]LogModuleManager: Shutting down and abandoning module TextureFormatDXT (143)
[2018.12.06-12.55.30:775][505]LogModuleManager: Shutting down and abandoning module TextureFormatIntelISPCTexComp (141)
[2018.12.06-12.55.30:789][505]LogModuleManager: Shutting down and abandoning module TextureFormatASTC (139)
[2018.12.06-12.55.30:789][505]LogModuleManager: Shutting down and abandoning module ImageWrapper (138)
[2018.12.06-12.55.30:789][505]LogModuleManager: Shutting down and abandoning module TextureFormatAndroid (135)
[2018.12.06-12.55.30:789][505]LogModuleManager: Shutting down and abandoning module AudioFormatOpus (133)
[2018.12.06-12.55.30:789][505]LogModuleManager: Shutting down and abandoning module AudioFormatOgg (131)
[2018.12.06-12.55.30:789][505]LogModuleManager: Shutting down and abandoning module AudioFormatADPCM (129)
[2018.12.06-12.55.30:789][505]LogModuleManager: Shutting down and abandoning module LuminTargetPlatform (127)
[2018.12.06-12.55.30:789][505]LogModuleManager: Shutting down and abandoning module LinuxTargetPlatform (125)
[2018.12.06-12.55.30:789][505]LogModuleManager: Shutting down and abandoning module LinuxServerTargetPlatform (123)
[2018.12.06-12.55.30:789][505]LogModuleManager: Shutting down and abandoning module LinuxNoEditorTargetPlatform (121)
[2018.12.06-12.55.30:801][505]LogModuleManager: Shutting down and abandoning module LinuxClientTargetPlatform (119)
[2018.12.06-12.55.30:802][505]LogModuleManager: Shutting down and abandoning module TVOSTargetPlatform (117)
[2018.12.06-12.55.30:803][505]LogModuleManager: Shutting down and abandoning module Messaging (115)
[2018.12.06-12.55.30:803][505]LogModuleManager: Shutting down and abandoning module IOSTargetPlatform (113)
[2018.12.06-12.55.30:803][505]LogModuleManager: Shutting down and abandoning module HTML5TargetPlatform (111)
[2018.12.06-12.55.30:803][505]LogModuleManager: Shutting down and abandoning module AndroidTargetPlatform (109)
[2018.12.06-12.55.30:822][505]LogModuleManager: Shutting down and abandoning module WindowsTargetPlatform (107)
[2018.12.06-12.55.30:822][505]LogModuleManager: Shutting down and abandoning module WindowsServerTargetPlatform (105)
[2018.12.06-12.55.30:822][505]LogModuleManager: Shutting down and abandoning module WindowsNoEditorTargetPlatform (103)
[2018.12.06-12.55.30:822][505]LogModuleManager: Shutting down and abandoning module WindowsClientTargetPlatform (101)
[2018.12.06-12.55.30:822][505]LogModuleManager: Shutting down and abandoning module MacTargetPlatform (99)
[2018.12.06-12.55.30:822][505]LogModuleManager: Shutting down and abandoning module MacServerTargetPlatform (97)
[2018.12.06-12.55.30:822][505]LogModuleManager: Shutting down and abandoning module MacNoEditorTargetPlatform (95)
[2018.12.06-12.55.30:822][505]LogModuleManager: Shutting down and abandoning module MacClientTargetPlatform (93)
[2018.12.06-12.55.30:822][505]LogModuleManager: Shutting down and abandoning module AllDesktopTargetPlatform (91)
[2018.12.06-12.55.30:822][505]LogModuleManager: Shutting down and abandoning module InputCore (88)
[2018.12.06-12.55.30:822][505]LogModuleManager: Shutting down and abandoning module Settings (86)
[2018.12.06-12.55.30:822][505]LogModuleManager: Shutting down and abandoning module PhysXCooking (84)
[2018.12.06-12.55.30:822][505]LogModuleManager: Shutting down and abandoning module SteamVR (82)
[2018.12.06-12.55.30:822][505]LogModuleManager: Shutting down and abandoning module OculusHMD (80)
[2018.12.06-12.55.30:842][505]LogModuleManager: Shutting down and abandoning module ExampleDeviceProfileSelector (78)
[2018.12.06-12.55.30:842][505]LogModuleManager: Shutting down and abandoning module LauncherChunkInstaller (76)
[2018.12.06-12.55.30:842][505]LogModuleManager: Shutting down and abandoning module OnlineBlueprintSupport (74)
[2018.12.06-12.55.30:842][505]LogModuleManager: Shutting down and abandoning module OnlineSubsystem (70)
[2018.12.06-12.55.30:898][505]LogModuleManager: Shutting down and abandoning module XMPP (65)
[2018.12.06-12.55.30:968][505]LogModuleManager: Shutting down and abandoning module WebSockets (64)
[2018.12.06-12.55.31:039][505]LogModuleManager: Shutting down and abandoning module HTTP (61)
[2018.12.06-12.55.31:046][505]LogHttp: Display: Http module shutting down, but needs to wait on 1 outstanding Http requests:
[2018.12.06-12.55.31:046][505]LogHttp: Display: 	verb=[POST] url=[https://datarouter.ol.epicgames.com/datarouter/api/v1/public/data?SessionID=%7BF6A6B275-4188-9D96-2F38-B5B863080350%7D&AppID=UEEditor.Rocket.Release&AppVersion=4.20.3-4369336%2B%2B%2BUE4%2BRelease-4.20&UserID=a9d5daaf4efafdb875eb8ebe65204342%7C2f2fc1dde7584ec8a637200dceac4ead%7C192ca510-614e-42d1-9faa-494ad2e32621&AppEnvironment=datacollector-binary&UploadType=eteventstream] status=Processing
[2018.12.06-12.55.31:062][505]LogModuleManager: Shutting down and abandoning module SSL (60)
[2018.12.06-12.55.31:083][505]LogModuleManager: Shutting down and abandoning module MagicLeapEmulator (56)
[2018.12.06-12.55.31:084][505]LogModuleManager: Shutting down and abandoning module MagicLeapPrivileges (54)
[2018.12.06-12.55.31:084][505]LogModuleManager: Shutting down and abandoning module MagicLeapIdentity (52)
[2018.12.06-12.55.31:084][505]LogModuleManager: Shutting down and abandoning module MagicLeapHelperVulkan (50)
[2018.12.06-12.55.31:084][505]LogModuleManager: Shutting down and abandoning module MagicLeapHelperOpenGL (48)
[2018.12.06-12.55.31:084][505]LogModuleManager: Shutting down and abandoning module MagicLeapSecureStorage (46)
[2018.12.06-12.55.31:084][505]LogModuleManager: Shutting down and abandoning module MagicLeapGestures (44)
[2018.12.06-12.55.31:084][505]LogModuleManager: Shutting down and abandoning module MagicLeapEyeTracker (42)
[2018.12.06-12.55.31:084][505]LogModuleManager: Shutting down and abandoning module MagicLeapController (40)
[2018.12.06-12.55.31:084][505]LogSlate: Slate User Destroyed.  User Index 0, Is Virtual User: 0
[2018.12.06-12.55.31:084][505]LogModuleManager: Shutting down and abandoning module MagicLeap (38)
[2018.12.06-12.55.31:084][505]LogModuleManager: Shutting down and abandoning module AnimationModifiers (36)
[2018.12.06-12.55.31:166][505]LogModuleManager: Shutting down and abandoning module PropertyEditor (35)
[2018.12.06-12.55.31:188][505]LogModuleManager: Shutting down and abandoning module AudioEditor (32)
[2018.12.06-12.55.31:221][505]LogModuleManager: Shutting down and abandoning module TextureCompressor (30)
[2018.12.06-12.55.31:237][505]LogModuleManager: Shutting down and abandoning module ShaderCore (28)
[2018.12.06-12.55.31:237][505]LogModuleManager: Shutting down and abandoning module Landscape (26)
[2018.12.06-12.55.31:237][505]LogModuleManager: Shutting down and abandoning module SlateRHIRenderer (24)
[2018.12.06-12.55.31:273][505]LogModuleManager: Shutting down and abandoning module OpenGLDrv (22)
[2018.12.06-12.55.31:284][505]LogModuleManager: Shutting down and abandoning module D3D11RHI (20)
[2018.12.06-12.55.31:284][505]LogModuleManager: Shutting down and abandoning module AnimGraphRuntime (18)
[2018.12.06-12.55.31:304][505]LogModuleManager: Shutting down and abandoning module Renderer (16)
[2018.12.06-12.55.31:304][505]LogModuleManager: Shutting down and abandoning module Engine (14)
[2018.12.06-12.55.31:304][505]LogModuleManager: Shutting down and abandoning module CoreUObject (12)
[2018.12.06-12.55.31:304][505]LogModuleManager: Shutting down and abandoning module NetworkFile (10)
[2018.12.06-12.55.31:319][505]LogModuleManager: Shutting down and abandoning module CookedIterativeFile (8)
[2018.12.06-12.55.31:319][505]LogModuleManager: Shutting down and abandoning module StreamingFile (6)
[2018.12.06-12.55.31:331][505]LogModuleManager: Shutting down and abandoning module SandboxFile (4)
[2018.12.06-12.55.31:331][505]LogModuleManager: Shutting down and abandoning module PakFile (2)
[2018.12.06-12.55.31:376][505]LogExit: Exiting.
[2018.12.06-12.55.31:459][505]Log file closed, 12/06/18 07:55:31
